[0.029s] Invoking command in '/home/neel/bumperbot_ws2/build/bumperbot_cpp_examples': CMAKE_PREFIX_PATH=${CMAKE_PREFIX_PATH}:/opt/ros/jazzy DEBUGINFOD_URLS=https://debuginfod.ubuntu.com /usr/bin/cmake --build /home/neel/bumperbot_ws2/build/bumperbot_cpp_examples -- -j4 -l4
[0.121s] [100%] Built target simple_publisher
[0.273s] Invoked command in '/home/neel/bumperbot_ws2/build/bumperbot_cpp_examples' returned '0': CMAKE_PREFIX_PATH=${CMAKE_PREFIX_PATH}:/opt/ros/jazzy DEBUGINFOD_URLS=https://debuginfod.ubuntu.com /usr/bin/cmake --build /home/neel/bumperbot_ws2/build/bumperbot_cpp_examples -- -j4 -l4
[0.295s] Invoking command in '/home/neel/bumperbot_ws2/build/bumperbot_cpp_examples': CMAKE_PREFIX_PATH=${CMAKE_PREFIX_PATH}:/opt/ros/jazzy DEBUGINFOD_URLS=https://debuginfod.ubuntu.com /usr/bin/cmake --install /home/neel/bumperbot_ws2/build/bumperbot_cpp_examples
[0.311s] -- Install configuration: ""
[0.311s] -- Up-to-date: /home/neel/bumperbot_ws2/install/bumperbot_cpp_examples/lib/bumperbot_cpp_examples/simple_publisher
[0.311s] -- Up-to-date: /home/neel/bumperbot_ws2/install/bumperbot_cpp_examples/share/ament_index/resource_index/package_run_dependencies/bumperbot_cpp_examples
[0.311s] -- Up-to-date: /home/neel/bumperbot_ws2/install/bumperbot_cpp_examples/share/ament_index/resource_index/parent_prefix_path/bumperbot_cpp_examples
[0.311s] -- Up-to-date: /home/neel/bumperbot_ws2/install/bumperbot_cpp_examples/share/bumperbot_cpp_examples/environment/ament_prefix_path.sh
[0.311s] -- Up-to-date: /home/neel/bumperbot_ws2/install/bumperbot_cpp_examples/share/bumperbot_cpp_examples/environment/ament_prefix_path.dsv
[0.311s] -- Up-to-date: /home/neel/bumperbot_ws2/install/bumperbot_cpp_examples/share/bumperbot_cpp_examples/environment/path.sh
[0.311s] -- Up-to-date: /home/neel/bumperbot_ws2/install/bumperbot_cpp_examples/share/bumperbot_cpp_examples/environment/path.dsv
[0.312s] -- Up-to-date: /home/neel/bumperbot_ws2/install/bumperbot_cpp_examples/share/bumperbot_cpp_examples/local_setup.bash
[0.312s] -- Up-to-date: /home/neel/bumperbot_ws2/install/bumperbot_cpp_examples/share/bumperbot_cpp_examples/local_setup.sh
[0.321s] -- Up-to-date: /home/neel/bumperbot_ws2/install/bumperbot_cpp_examples/share/bumperbot_cpp_examples/local_setup.zsh
[0.323s] -- Up-to-date: /home/neel/bumperbot_ws2/install/bumperbot_cpp_examples/share/bumperbot_cpp_examples/local_setup.dsv
[0.329s] -- Installing: /home/neel/bumperbot_ws2/install/bumperbot_cpp_examples/share/bumperbot_cpp_examples/package.dsv
[0.329s] -- Up-to-date: /home/neel/bumperbot_ws2/install/bumperbot_cpp_examples/share/ament_index/resource_index/packages/bumperbot_cpp_examples
[0.329s] -- Up-to-date: /home/neel/bumperbot_ws2/install/bumperbot_cpp_examples/share/bumperbot_cpp_examples/cmake/bumperbot_cpp_examplesConfig.cmake
[0.329s] -- Up-to-date: /home/neel/bumperbot_ws2/install/bumperbot_cpp_examples/share/bumperbot_cpp_examples/cmake/bumperbot_cpp_examplesConfig-version.cmake
[0.330s] -- Up-to-date: /home/neel/bumperbot_ws2/install/bumperbot_cpp_examples/share/bumperbot_cpp_examples/package.xml
[0.330s] Invoked command in '/home/neel/bumperbot_ws2/build/bumperbot_cpp_examples' returned '0': CMAKE_PREFIX_PATH=${CMAKE_PREFIX_PATH}:/opt/ros/jazzy DEBUGINFOD_URLS=https://debuginfod.ubuntu.com /usr/bin/cmake --install /home/neel/bumperbot_ws2/build/bumperbot_cpp_examples
