[0.263s] DEBUG:colcon:Command line arguments: ['/usr/bin/colcon', 'list', '-p', '--base-paths', '/home/neel/bumperbot_ws2', '--log-base', '/dev/null']
[0.263s] DEBUG:colcon:Parsed command line arguments: Namespace(log_base=None, log_level=None, verb_name='list', build_base='build', ignore_user_meta=False, metas=['./colcon.meta'], base_paths=['/home/neel/bumperbot_ws2', '--log-base', '/dev/null'], packages_ignore=None, packages_ignore_regex=None, paths=None, packages_up_to=None, packages_up_to_regex=None, packages_above=None, packages_above_and_dependencies=None, packages_above_depth=None, packages_select_by_dep=None, packages_skip_by_dep=None, packages_skip_up_to=None, packages_select_build_failed=False, packages_skip_build_finished=False, packages_select_test_failures=False, packages_skip_test_passed=False, packages_select=None, packages_skip=None, packages_select_regex=None, packages_skip_regex=None, packages_start=None, packages_end=None, allow_overriding=[], topological_order=False, names_only=False, paths_only=True, topological_graph=False, topological_graph_dot=False, topological_graph_density=False, topological_graph_legend=False, topological_graph_dot_cluster=False, topological_graph_dot_include_skipped=False, mixin_files=None, mixin=None, verb_parser=<colcon_mixin.mixin.mixin_argument.MixinArgumentDecorator object at 0x7dac36309fa0>, verb_extension=<colcon_package_information.verb.list.ListVerb object at 0x7dac36293380>, main=<bound method ListVerb.main of <colcon_package_information.verb.list.ListVerb object at 0x7dac36293380>>, mixin_verb=('list',))
[0.406s] Level 1:colcon.colcon_core.package_discovery:discover_packages(colcon_meta) check parameters
[0.408s] Level 1:colcon.colcon_core.package_discovery:discover_packages(recursive) check parameters
[0.408s] Level 1:colcon.colcon_core.package_discovery:discover_packages(ignore) check parameters
[0.408s] Level 1:colcon.colcon_core.package_discovery:discover_packages(path) check parameters
[0.408s] Level 1:colcon.colcon_core.package_discovery:discover_packages(recursive) discover
[0.408s] INFO:colcon.colcon_core.package_discovery:Crawling recursively for packages in '/home/neel/bumperbot_ws2', '/home/neel/bumperbot_ws2/--log-base', '/dev/null'
[0.410s] Level 1:colcon.colcon_core.package_identification:_identify(/home/neel/bumperbot_ws2) by extensions ['ignore', 'ignore_ament_install']
[0.411s] Level 1:colcon.colcon_core.package_identification:_identify(/home/neel/bumperbot_ws2) by extension 'ignore'
[0.411s] Level 1:colcon.colcon_core.package_identification:_identify(/home/neel/bumperbot_ws2) by extension 'ignore_ament_install'
[0.411s] Level 1:colcon.colcon_core.package_identification:_identify(/home/neel/bumperbot_ws2) by extensions ['colcon_pkg']
[0.411s] Level 1:colcon.colcon_core.package_identification:_identify(/home/neel/bumperbot_ws2) by extension 'colcon_pkg'
[0.411s] Level 1:colcon.colcon_core.package_identification:_identify(/home/neel/bumperbot_ws2) by extensions ['colcon_meta']
[0.412s] Level 1:colcon.colcon_core.package_identification:_identify(/home/neel/bumperbot_ws2) by extension 'colcon_meta'
[0.412s] Level 1:colcon.colcon_core.package_identification:_identify(/home/neel/bumperbot_ws2) by extensions ['ros']
[0.412s] Level 1:colcon.colcon_core.package_identification:_identify(/home/neel/bumperbot_ws2) by extension 'ros'
[0.573s] Level 1:colcon.colcon_core.package_identification:_identify(/home/neel/bumperbot_ws2) by extensions ['cmake', 'python']
[0.573s] Level 1:colcon.colcon_core.package_identification:_identify(/home/neel/bumperbot_ws2) by extension 'cmake'
[0.575s] Level 1:colcon.colcon_core.package_identification:_identify(/home/neel/bumperbot_ws2) by extension 'python'
[0.579s] Level 1:colcon.colcon_core.package_identification:_identify(/home/neel/bumperbot_ws2) by extensions ['python_setup_py']
[0.580s] Level 1:colcon.colcon_core.package_identification:_identify(/home/neel/bumperbot_ws2) by extension 'python_setup_py'
[0.581s] Level 1:colcon.colcon_core.package_identification:_identify(/home/neel/bumperbot_ws2/build) by extensions ['ignore', 'ignore_ament_install']
[0.582s] Level 1:colcon.colcon_core.package_identification:_identify(/home/neel/bumperbot_ws2/build) by extension 'ignore'
[0.582s] Level 1:colcon.colcon_core.package_identification:_identify(/home/neel/bumperbot_ws2/build) ignored
[0.582s] Level 1:colcon.colcon_core.package_identification:_identify(/home/neel/bumperbot_ws2/install) by extensions ['ignore', 'ignore_ament_install']
[0.582s] Level 1:colcon.colcon_core.package_identification:_identify(/home/neel/bumperbot_ws2/install) by extension 'ignore'
[0.582s] Level 1:colcon.colcon_core.package_identification:_identify(/home/neel/bumperbot_ws2/install) ignored
[0.583s] Level 1:colcon.colcon_core.package_identification:_identify(/home/neel/bumperbot_ws2/log) by extensions ['ignore', 'ignore_ament_install']
[0.585s] Level 1:colcon.colcon_core.package_identification:_identify(/home/neel/bumperbot_ws2/log) by extension 'ignore'
[0.585s] Level 1:colcon.colcon_core.package_identification:_identify(/home/neel/bumperbot_ws2/log) ignored
[0.585s] Level 1:colcon.colcon_core.package_identification:_identify(/home/neel/bumperbot_ws2/src) by extensions ['ignore', 'ignore_ament_install']
[0.586s] Level 1:colcon.colcon_core.package_identification:_identify(/home/neel/bumperbot_ws2/src) by extension 'ignore'
[0.586s] Level 1:colcon.colcon_core.package_identification:_identify(/home/neel/bumperbot_ws2/src) by extension 'ignore_ament_install'
[0.586s] Level 1:colcon.colcon_core.package_identification:_identify(/home/neel/bumperbot_ws2/src) by extensions ['colcon_pkg']
[0.586s] Level 1:colcon.colcon_core.package_identification:_identify(/home/neel/bumperbot_ws2/src) by extension 'colcon_pkg'
[0.586s] Level 1:colcon.colcon_core.package_identification:_identify(/home/neel/bumperbot_ws2/src) by extensions ['colcon_meta']
[0.586s] Level 1:colcon.colcon_core.package_identification:_identify(/home/neel/bumperbot_ws2/src) by extension 'colcon_meta'
[0.586s] Level 1:colcon.colcon_core.package_identification:_identify(/home/neel/bumperbot_ws2/src) by extensions ['ros']
[0.587s] Level 1:colcon.colcon_core.package_identification:_identify(/home/neel/bumperbot_ws2/src) by extension 'ros'
[0.588s] Level 1:colcon.colcon_core.package_identification:_identify(/home/neel/bumperbot_ws2/src) by extensions ['cmake', 'python']
[0.588s] Level 1:colcon.colcon_core.package_identification:_identify(/home/neel/bumperbot_ws2/src) by extension 'cmake'
[0.588s] Level 1:colcon.colcon_core.package_identification:_identify(/home/neel/bumperbot_ws2/src) by extension 'python'
[0.588s] Level 1:colcon.colcon_core.package_identification:_identify(/home/neel/bumperbot_ws2/src) by extensions ['python_setup_py']
[0.588s] Level 1:colcon.colcon_core.package_identification:_identify(/home/neel/bumperbot_ws2/src) by extension 'python_setup_py'
[0.591s] Level 1:colcon.colcon_core.package_identification:_identify(/home/neel/bumperbot_ws2/src/bumperbot_cpp_examples) by extensions ['ignore', 'ignore_ament_install']
[0.591s] Level 1:colcon.colcon_core.package_identification:_identify(/home/neel/bumperbot_ws2/src/bumperbot_cpp_examples) by extension 'ignore'
[0.592s] Level 1:colcon.colcon_core.package_identification:_identify(/home/neel/bumperbot_ws2/src/bumperbot_cpp_examples) by extension 'ignore_ament_install'
[0.592s] Level 1:colcon.colcon_core.package_identification:_identify(/home/neel/bumperbot_ws2/src/bumperbot_cpp_examples) by extensions ['colcon_pkg']
[0.592s] Level 1:colcon.colcon_core.package_identification:_identify(/home/neel/bumperbot_ws2/src/bumperbot_cpp_examples) by extension 'colcon_pkg'
[0.592s] Level 1:colcon.colcon_core.package_identification:_identify(/home/neel/bumperbot_ws2/src/bumperbot_cpp_examples) by extensions ['colcon_meta']
[0.592s] Level 1:colcon.colcon_core.package_identification:_identify(/home/neel/bumperbot_ws2/src/bumperbot_cpp_examples) by extension 'colcon_meta'
[0.592s] Level 1:colcon.colcon_core.package_identification:_identify(/home/neel/bumperbot_ws2/src/bumperbot_cpp_examples) by extensions ['ros']
[0.592s] Level 1:colcon.colcon_core.package_identification:_identify(/home/neel/bumperbot_ws2/src/bumperbot_cpp_examples) by extension 'ros'
[0.605s] DEBUG:colcon.colcon_core.package_identification:Package '/home/neel/bumperbot_ws2/src/bumperbot_cpp_examples' with type 'ros.ament_cmake' and name 'bumperbot_cpp_examples'
[0.605s] Level 1:colcon.colcon_core.package_identification:_identify(/home/neel/bumperbot_ws2/src/bumperbot_py_examples) by extensions ['ignore', 'ignore_ament_install']
[0.605s] Level 1:colcon.colcon_core.package_identification:_identify(/home/neel/bumperbot_ws2/src/bumperbot_py_examples) by extension 'ignore'
[0.605s] Level 1:colcon.colcon_core.package_identification:_identify(/home/neel/bumperbot_ws2/src/bumperbot_py_examples) by extension 'ignore_ament_install'
[0.606s] Level 1:colcon.colcon_core.package_identification:_identify(/home/neel/bumperbot_ws2/src/bumperbot_py_examples) by extensions ['colcon_pkg']
[0.606s] Level 1:colcon.colcon_core.package_identification:_identify(/home/neel/bumperbot_ws2/src/bumperbot_py_examples) by extension 'colcon_pkg'
[0.606s] Level 1:colcon.colcon_core.package_identification:_identify(/home/neel/bumperbot_ws2/src/bumperbot_py_examples) by extensions ['colcon_meta']
[0.606s] Level 1:colcon.colcon_core.package_identification:_identify(/home/neel/bumperbot_ws2/src/bumperbot_py_examples) by extension 'colcon_meta'
[0.607s] Level 1:colcon.colcon_core.package_identification:_identify(/home/neel/bumperbot_ws2/src/bumperbot_py_examples) by extensions ['ros']
[0.607s] Level 1:colcon.colcon_core.package_identification:_identify(/home/neel/bumperbot_ws2/src/bumperbot_py_examples) by extension 'ros'
[0.608s] DEBUG:colcon.colcon_core.package_identification:Package '/home/neel/bumperbot_ws2/src/bumperbot_py_examples' with type 'ros.ament_python' and name 'bumperbot_py_examples'
[0.609s] Level 1:colcon.colcon_core.package_discovery:discover_packages(recursive) using defaults
