[2.595s] Invoking command in '/home/neel/bumperbot_ws2/src/bumperbot_py_examples': DEBUGINFOD_URLS=https://debuginfod.ubuntu.com PYTHONPATH=/home/neel/bumperbot_ws2/build/bumperbot_py_examples/prefix_override:/usr/lib/python3/dist-packages/colcon_core/task/python/colcon_distutils_commands:/home/neel/bumperbot_ws2/install/bumperbot_py_examples/lib/python3.12/site-packages:${PYTHONPATH} /usr/bin/python3 -W ignore:setup.py install is deprecated -W ignore:easy_install command is deprecated setup.py egg_info --egg-base ../../build/bumperbot_py_examples build --build-base /home/neel/bumperbot_ws2/build/bumperbot_py_examples/build install --record /home/neel/bumperbot_ws2/build/bumperbot_py_examples/install.log --single-version-externally-managed install_data
[2.991s] running egg_info
[3.015s] writing ../../build/bumperbot_py_examples/bumperbot_py_examples.egg-info/PKG-INFO
[3.016s] writing dependency_links to ../../build/bumperbot_py_examples/bumperbot_py_examples.egg-info/dependency_links.txt
[3.016s] writing entry points to ../../build/bumperbot_py_examples/bumperbot_py_examples.egg-info/entry_points.txt
[3.017s] writing requirements to ../../build/bumperbot_py_examples/bumperbot_py_examples.egg-info/requires.txt
[3.020s] writing top-level names to ../../build/bumperbot_py_examples/bumperbot_py_examples.egg-info/top_level.txt
[3.060s] reading manifest file '../../build/bumperbot_py_examples/bumperbot_py_examples.egg-info/SOURCES.txt'
[3.061s] writing manifest file '../../build/bumperbot_py_examples/bumperbot_py_examples.egg-info/SOURCES.txt'
[3.062s] running build
[3.062s] running build_py
[3.063s] copying bumperbot_py_examples/simple_lifecycle_node.py -> /home/neel/bumperbot_ws2/build/bumperbot_py_examples/build/lib/bumperbot_py_examples
[3.063s] running install
[3.070s] running install_lib
[3.093s] copying /home/neel/bumperbot_ws2/build/bumperbot_py_examples/build/lib/bumperbot_py_examples/simple_lifecycle_node.py -> /home/neel/bumperbot_ws2/install/bumperbot_py_examples/lib/python3.12/site-packages/bumperbot_py_examples
[3.093s] byte-compiling /home/neel/bumperbot_ws2/install/bumperbot_py_examples/lib/python3.12/site-packages/bumperbot_py_examples/simple_lifecycle_node.py to simple_lifecycle_node.cpython-312.pyc
[3.095s] running install_data
[3.096s] running install_egg_info
[3.117s] removing '/home/neel/bumperbot_ws2/install/bumperbot_py_examples/lib/python3.12/site-packages/bumperbot_py_examples-0.0.0-py3.12.egg-info' (and everything under it)
[3.122s] Copying ../../build/bumperbot_py_examples/bumperbot_py_examples.egg-info to /home/neel/bumperbot_ws2/install/bumperbot_py_examples/lib/python3.12/site-packages/bumperbot_py_examples-0.0.0-py3.12.egg-info
[3.122s] running install_scripts
[3.271s] Installing simple_lifecycle_node script to /home/neel/bumperbot_ws2/install/bumperbot_py_examples/lib/bumperbot_py_examples
[3.271s] Installing simple_publisher script to /home/neel/bumperbot_ws2/install/bumperbot_py_examples/lib/bumperbot_py_examples
[3.272s] Installing simple_subscriber script to /home/neel/bumperbot_ws2/install/bumperbot_py_examples/lib/bumperbot_py_examples
[3.272s] writing list of installed files to '/home/neel/bumperbot_ws2/build/bumperbot_py_examples/install.log'
[3.304s] Invoked command in '/home/neel/bumperbot_ws2/src/bumperbot_py_examples' returned '0': DEBUGINFOD_URLS=https://debuginfod.ubuntu.com PYTHONPATH=/home/neel/bumperbot_ws2/build/bumperbot_py_examples/prefix_override:/usr/lib/python3/dist-packages/colcon_core/task/python/colcon_distutils_commands:/home/neel/bumperbot_ws2/install/bumperbot_py_examples/lib/python3.12/site-packages:${PYTHONPATH} /usr/bin/python3 -W ignore:setup.py install is deprecated -W ignore:easy_install command is deprecated setup.py egg_info --egg-base ../../build/bumperbot_py_examples build --build-base /home/neel/bumperbot_ws2/build/bumperbot_py_examples/build install --record /home/neel/bumperbot_ws2/build/bumperbot_py_examples/install.log --single-version-externally-managed install_data
