[0.054s] Invoking command in '/home/neel/bumperbot_ws2/build/bumperbot_cpp_examples': CMAKE_PREFIX_PATH=${CMAKE_PREFIX_PATH}:/opt/ros/jazzy DEBUGINFOD_URLS=https://debuginfod.ubuntu.com /usr/bin/cmake --build /home/neel/bumperbot_ws2/build/bumperbot_cpp_examples -- -j4 -l4
[0.112s] -- Found ament_cmake: 2.5.4 (/opt/ros/jazzy/share/ament_cmake/cmake)
[0.565s] -- Found rclcpp: 28.1.10 (/opt/ros/jazzy/share/rclcpp/cmake)
[0.600s] -- Found rosidl_generator_c: 4.6.5 (/opt/ros/jazzy/share/rosidl_generator_c/cmake)
[0.614s] -- Found rosidl_generator_cpp: 4.6.5 (/opt/ros/jazzy/share/rosidl_generator_cpp/cmake)
[0.622s] -- Using all available rosidl_typesupport_c: rosidl_typesupport_fastrtps_c;rosidl_typesupport_introspection_c
[0.640s] -- Using all available rosidl_typesupport_cpp: rosidl_typesupport_fastrtps_cpp;rosidl_typesupport_introspection_cpp
[0.720s] -- Found rmw_implementation_cmake: 7.3.2 (/opt/ros/jazzy/share/rmw_implementation_cmake/cmake)
[0.732s] -- Found rmw_fastrtps_cpp: 8.4.2 (/opt/ros/jazzy/share/rmw_fastrtps_cpp/cmake)
[0.838s] -- Using RMW implementation 'rmw_fastrtps_cpp' as default
[0.919s] -- Found std_msgs: 5.3.6 (/opt/ros/jazzy/share/std_msgs/cmake)
[0.929s] -- Found ament_lint_auto: 0.17.2 (/opt/ros/jazzy/share/ament_lint_auto/cmake)
[1.050s] -- Added test 'cppcheck' to perform static code analysis on C / C++ code
[1.050s] -- Configured cppcheck include dirs: 
[1.050s] -- Configured cppcheck exclude dirs and/or files: 
[1.050s] -- Added test 'lint_cmake' to check CMake code style
[1.050s] -- Added test 'uncrustify' to check C / C++ code style
[1.050s] -- Configured uncrustify additional arguments: 
[1.050s] -- Added test 'xmllint' to check XML markup files
[1.051s] -- Configuring done (1.0s)
[1.062s] [33mCMake Warning (dev) at CMakeLists.txt:13 (add_executable):
[1.062s]   Policy CMP0115 is not set: Source file extensions must be explicit.  Run
[1.062s]   "cmake --help-policy CMP0115" for policy details.  Use the cmake_policy
[1.062s]   command to set the policy and suppress this warning.
[1.062s] 
[1.062s]   File:
[1.062s] 
[1.062s]     /home/neel/bumperbot_ws2/src/bumperbot_cpp_examples/src/simple_publisher.cpp
[1.062s] This warning is for project developers.  Use -Wno-dev to suppress it.
[1.062s] [0m
[1.085s] -- Generating done (0.0s)
[1.091s] -- Build files have been written to: /home/neel/bumperbot_ws2/build/bumperbot_cpp_examples
[1.195s] [ 50%] [32mBuilding CXX object CMakeFiles/simple_publisher.dir/src/simple_publisher.cpp.o[0m
[6.403s] [100%] [32m[1mLinking CXX executable simple_publisher[0m
[6.909s] [100%] Built target simple_publisher
[6.934s] Invoked command in '/home/neel/bumperbot_ws2/build/bumperbot_cpp_examples' returned '0': CMAKE_PREFIX_PATH=${CMAKE_PREFIX_PATH}:/opt/ros/jazzy DEBUGINFOD_URLS=https://debuginfod.ubuntu.com /usr/bin/cmake --build /home/neel/bumperbot_ws2/build/bumperbot_cpp_examples -- -j4 -l4
[6.966s] Invoking command in '/home/neel/bumperbot_ws2/build/bumperbot_cpp_examples': CMAKE_PREFIX_PATH=${CMAKE_PREFIX_PATH}:/opt/ros/jazzy DEBUGINFOD_URLS=https://debuginfod.ubuntu.com /usr/bin/cmake --install /home/neel/bumperbot_ws2/build/bumperbot_cpp_examples
[6.983s] -- Install configuration: ""
[6.984s] -- Installing: /home/neel/bumperbot_ws2/install/bumperbot_cpp_examples/lib/bumperbot_cpp_examples/simple_publisher
[6.989s] -- Set non-toolchain portion of runtime path of "/home/neel/bumperbot_ws2/install/bumperbot_cpp_examples/lib/bumperbot_cpp_examples/simple_publisher" to ""
[6.990s] -- Installing: /home/neel/bumperbot_ws2/install/bumperbot_cpp_examples/share/ament_index/resource_index/package_run_dependencies/bumperbot_cpp_examples
[6.990s] -- Up-to-date: /home/neel/bumperbot_ws2/install/bumperbot_cpp_examples/share/ament_index/resource_index/parent_prefix_path/bumperbot_cpp_examples
[6.990s] -- Up-to-date: /home/neel/bumperbot_ws2/install/bumperbot_cpp_examples/share/bumperbot_cpp_examples/environment/ament_prefix_path.sh
[6.990s] -- Up-to-date: /home/neel/bumperbot_ws2/install/bumperbot_cpp_examples/share/bumperbot_cpp_examples/environment/ament_prefix_path.dsv
[6.990s] -- Up-to-date: /home/neel/bumperbot_ws2/install/bumperbot_cpp_examples/share/bumperbot_cpp_examples/environment/path.sh
[6.990s] -- Up-to-date: /home/neel/bumperbot_ws2/install/bumperbot_cpp_examples/share/bumperbot_cpp_examples/environment/path.dsv
[6.990s] -- Up-to-date: /home/neel/bumperbot_ws2/install/bumperbot_cpp_examples/share/bumperbot_cpp_examples/local_setup.bash
[6.990s] -- Up-to-date: /home/neel/bumperbot_ws2/install/bumperbot_cpp_examples/share/bumperbot_cpp_examples/local_setup.sh
[6.990s] -- Up-to-date: /home/neel/bumperbot_ws2/install/bumperbot_cpp_examples/share/bumperbot_cpp_examples/local_setup.zsh
[6.990s] -- Up-to-date: /home/neel/bumperbot_ws2/install/bumperbot_cpp_examples/share/bumperbot_cpp_examples/local_setup.dsv
[6.990s] -- Installing: /home/neel/bumperbot_ws2/install/bumperbot_cpp_examples/share/bumperbot_cpp_examples/package.dsv
[6.991s] -- Up-to-date: /home/neel/bumperbot_ws2/install/bumperbot_cpp_examples/share/ament_index/resource_index/packages/bumperbot_cpp_examples
[6.991s] -- Up-to-date: /home/neel/bumperbot_ws2/install/bumperbot_cpp_examples/share/bumperbot_cpp_examples/cmake/bumperbot_cpp_examplesConfig.cmake
[6.991s] -- Up-to-date: /home/neel/bumperbot_ws2/install/bumperbot_cpp_examples/share/bumperbot_cpp_examples/cmake/bumperbot_cpp_examplesConfig-version.cmake
[6.993s] -- Installing: /home/neel/bumperbot_ws2/install/bumperbot_cpp_examples/share/bumperbot_cpp_examples/package.xml
[6.999s] Invoked command in '/home/neel/bumperbot_ws2/build/bumperbot_cpp_examples' returned '0': CMAKE_PREFIX_PATH=${CMAKE_PREFIX_PATH}:/opt/ros/jazzy DEBUGINFOD_URLS=https://debuginfod.ubuntu.com /usr/bin/cmake --install /home/neel/bumperbot_ws2/build/bumperbot_cpp_examples
