[3.961s] Invoking command in '/home/neel/bumperbot_ws2/src/bumperbot_py_examples': DEBUGINFOD_URLS=https://debuginfod.ubuntu.com PYTHONPATH=/home/neel/bumperbot_ws2/build/bumperbot_py_examples/prefix_override:/usr/lib/python3/dist-packages/colcon_core/task/python/colcon_distutils_commands:/home/neel/bumperbot_ws2/install/bumperbot_py_examples/lib/python3.12/site-packages:${PYTHONPATH} /usr/bin/python3 -W ignore:setup.py install is deprecated -W ignore:easy_install command is deprecated setup.py egg_info --egg-base ../../build/bumperbot_py_examples build --build-base /home/neel/bumperbot_ws2/build/bumperbot_py_examples/build install --record /home/neel/bumperbot_ws2/build/bumperbot_py_examples/install.log --single-version-externally-managed install_data
[4.347s] running egg_info
[4.429s] writing ../../build/bumperbot_py_examples/bumperbot_py_examples.egg-info/PKG-INFO
[4.429s] writing dependency_links to ../../build/bumperbot_py_examples/bumperbot_py_examples.egg-info/dependency_links.txt
[4.429s] writing entry points to ../../build/bumperbot_py_examples/bumperbot_py_examples.egg-info/entry_points.txt
[4.437s] writing requirements to ../../build/bumperbot_py_examples/bumperbot_py_examples.egg-info/requires.txt
[4.437s] writing top-level names to ../../build/bumperbot_py_examples/bumperbot_py_examples.egg-info/top_level.txt
[4.492s] reading manifest file '../../build/bumperbot_py_examples/bumperbot_py_examples.egg-info/SOURCES.txt'
[4.497s] writing manifest file '../../build/bumperbot_py_examples/bumperbot_py_examples.egg-info/SOURCES.txt'
[4.500s] running build
[4.501s] running build_py
[4.501s] copying bumperbot_py_examples/simple_subscriber.py -> /home/neel/bumperbot_ws2/build/bumperbot_py_examples/build/lib/bumperbot_py_examples
[4.511s] running install
[4.517s] running install_lib
[4.555s] copying /home/neel/bumperbot_ws2/build/bumperbot_py_examples/build/lib/bumperbot_py_examples/simple_subscriber.py -> /home/neel/bumperbot_ws2/install/bumperbot_py_examples/lib/python3.12/site-packages/bumperbot_py_examples
[4.555s] byte-compiling /home/neel/bumperbot_ws2/install/bumperbot_py_examples/lib/python3.12/site-packages/bumperbot_py_examples/simple_subscriber.py to simple_subscriber.cpython-312.pyc
[4.556s] running install_data
[4.557s] running install_egg_info
[4.664s] removing '/home/neel/bumperbot_ws2/install/bumperbot_py_examples/lib/python3.12/site-packages/bumperbot_py_examples-0.0.0-py3.12.egg-info' (and everything under it)
[4.677s] Copying ../../build/bumperbot_py_examples/bumperbot_py_examples.egg-info to /home/neel/bumperbot_ws2/install/bumperbot_py_examples/lib/python3.12/site-packages/bumperbot_py_examples-0.0.0-py3.12.egg-info
[4.681s] running install_scripts
[5.093s] Installing simple_publisher script to /home/neel/bumperbot_ws2/install/bumperbot_py_examples/lib/bumperbot_py_examples
[5.094s] Installing simple_subscriber script to /home/neel/bumperbot_ws2/install/bumperbot_py_examples/lib/bumperbot_py_examples
[5.094s] writing list of installed files to '/home/neel/bumperbot_ws2/build/bumperbot_py_examples/install.log'
[5.143s] Invoked command in '/home/neel/bumperbot_ws2/src/bumperbot_py_examples' returned '0': DEBUGINFOD_URLS=https://debuginfod.ubuntu.com PYTHONPATH=/home/neel/bumperbot_ws2/build/bumperbot_py_examples/prefix_override:/usr/lib/python3/dist-packages/colcon_core/task/python/colcon_distutils_commands:/home/neel/bumperbot_ws2/install/bumperbot_py_examples/lib/python3.12/site-packages:${PYTHONPATH} /usr/bin/python3 -W ignore:setup.py install is deprecated -W ignore:easy_install command is deprecated setup.py egg_info --egg-base ../../build/bumperbot_py_examples build --build-base /home/neel/bumperbot_ws2/build/bumperbot_py_examples/build install --record /home/neel/bumperbot_ws2/build/bumperbot_py_examples/install.log --single-version-externally-managed install_data
