[0.344s] DEBUG:colcon:Command line arguments: ['/usr/bin/colcon', 'build']
[0.344s] DEBUG:colcon:Parsed command line arguments: Namespace(log_base=None, log_level=None, verb_name='build', build_base='build', install_base='install', merge_install=False, symlink_install=False, test_result_base=None, continue_on_error=False, executor='parallel', parallel_workers=4, event_handlers=None, ignore_user_meta=False, metas=['./colcon.meta'], base_paths=['.'], packages_ignore=None, packages_ignore_regex=None, paths=None, packages_up_to=None, packages_up_to_regex=None, packages_above=None, packages_above_and_dependencies=None, packages_above_depth=None, packages_select_by_dep=None, packages_skip_by_dep=None, packages_skip_up_to=None, packages_select_build_failed=False, packages_skip_build_finished=False, packages_select_test_failures=False, packages_skip_test_passed=False, packages_select=None, packages_skip=None, packages_select_regex=None, packages_skip_regex=None, packages_start=None, packages_end=None, allow_overriding=[], cmake_args=None, cmake_target=None, cmake_target_skip_unavailable=False, cmake_clean_cache=False, cmake_clean_first=False, cmake_force_configure=False, ament_cmake_args=None, catkin_cmake_args=None, catkin_skip_building_tests=False, mixin_files=None, mixin=None, verb_parser=<colcon_mixin.mixin.mixin_argument.MixinArgumentDecorator object at 0x735f07d5b920>, verb_extension=<colcon_core.verb.build.BuildVerb object at 0x735f071d9370>, main=<bound method BuildVerb.main of <colcon_core.verb.build.BuildVerb object at 0x735f071d9370>>, mixin_verb=('build',))
[0.497s] Level 1:colcon.colcon_core.package_discovery:discover_packages(colcon_meta) check parameters
[0.497s] Level 1:colcon.colcon_core.package_discovery:discover_packages(recursive) check parameters
[0.497s] Level 1:colcon.colcon_core.package_discovery:discover_packages(ignore) check parameters
[0.497s] Level 1:colcon.colcon_core.package_discovery:discover_packages(path) check parameters
[0.497s] Level 1:colcon.colcon_core.package_discovery:discover_packages(colcon_meta) discover
[0.498s] Level 1:colcon.colcon_core.package_discovery:discover_packages(recursive) discover
[0.498s] INFO:colcon.colcon_core.package_discovery:Crawling recursively for packages in '/home/neel/bumperbot_ws2'
[0.498s] Level 1:colcon.colcon_core.package_identification:_identify(.) by extensions ['ignore', 'ignore_ament_install']
[0.498s] Level 1:colcon.colcon_core.package_identification:_identify(.) by extension 'ignore'
[0.498s] Level 1:colcon.colcon_core.package_identification:_identify(.) by extension 'ignore_ament_install'
[0.498s] Level 1:colcon.colcon_core.package_identification:_identify(.) by extensions ['colcon_pkg']
[0.498s] Level 1:colcon.colcon_core.package_identification:_identify(.) by extension 'colcon_pkg'
[0.498s] Level 1:colcon.colcon_core.package_identification:_identify(.) by extensions ['colcon_meta']
[0.498s] Level 1:colcon.colcon_core.package_identification:_identify(.) by extension 'colcon_meta'
[0.498s] Level 1:colcon.colcon_core.package_identification:_identify(.) by extensions ['ros']
[0.498s] Level 1:colcon.colcon_core.package_identification:_identify(.) by extension 'ros'
[0.578s] Level 1:colcon.colcon_core.package_identification:_identify(.) by extensions ['cmake', 'python']
[0.579s] Level 1:colcon.colcon_core.package_identification:_identify(.) by extension 'cmake'
[0.579s] Level 1:colcon.colcon_core.package_identification:_identify(.) by extension 'python'
[0.579s] Level 1:colcon.colcon_core.package_identification:_identify(.) by extensions ['python_setup_py']
[0.579s] Level 1:colcon.colcon_core.package_identification:_identify(.) by extension 'python_setup_py'
[0.579s] Level 1:colcon.colcon_core.package_identification:_identify(build) by extensions ['ignore', 'ignore_ament_install']
[0.580s] Level 1:colcon.colcon_core.package_identification:_identify(build) by extension 'ignore'
[0.580s] Level 1:colcon.colcon_core.package_identification:_identify(build) ignored
[0.580s] Level 1:colcon.colcon_core.package_identification:_identify(install) by extensions ['ignore', 'ignore_ament_install']
[0.580s] Level 1:colcon.colcon_core.package_identification:_identify(install) by extension 'ignore'
[0.580s] Level 1:colcon.colcon_core.package_identification:_identify(install) ignored
[0.580s] Level 1:colcon.colcon_core.package_identification:_identify(log) by extensions ['ignore', 'ignore_ament_install']
[0.581s] Level 1:colcon.colcon_core.package_identification:_identify(log) by extension 'ignore'
[0.581s] Level 1:colcon.colcon_core.package_identification:_identify(log) ignored
[0.581s] Level 1:colcon.colcon_core.package_identification:_identify(src) by extensions ['ignore', 'ignore_ament_install']
[0.581s] Level 1:colcon.colcon_core.package_identification:_identify(src) by extension 'ignore'
[0.581s] Level 1:colcon.colcon_core.package_identification:_identify(src) by extension 'ignore_ament_install'
[0.581s] Level 1:colcon.colcon_core.package_identification:_identify(src) by extensions ['colcon_pkg']
[0.581s] Level 1:colcon.colcon_core.package_identification:_identify(src) by extension 'colcon_pkg'
[0.581s] Level 1:colcon.colcon_core.package_identification:_identify(src) by extensions ['colcon_meta']
[0.581s] Level 1:colcon.colcon_core.package_identification:_identify(src) by extension 'colcon_meta'
[0.581s] Level 1:colcon.colcon_core.package_identification:_identify(src) by extensions ['ros']
[0.581s] Level 1:colcon.colcon_core.package_identification:_identify(src) by extension 'ros'
[0.581s] Level 1:colcon.colcon_core.package_identification:_identify(src) by extensions ['cmake', 'python']
[0.581s] Level 1:colcon.colcon_core.package_identification:_identify(src) by extension 'cmake'
[0.581s] Level 1:colcon.colcon_core.package_identification:_identify(src) by extension 'python'
[0.581s] Level 1:colcon.colcon_core.package_identification:_identify(src) by extensions ['python_setup_py']
[0.581s] Level 1:colcon.colcon_core.package_identification:_identify(src) by extension 'python_setup_py'
[0.582s] Level 1:colcon.colcon_core.package_identification:_identify(src/bumperbot_cpp_examples) by extensions ['ignore', 'ignore_ament_install']
[0.582s] Level 1:colcon.colcon_core.package_identification:_identify(src/bumperbot_cpp_examples) by extension 'ignore'
[0.582s] Level 1:colcon.colcon_core.package_identification:_identify(src/bumperbot_cpp_examples) by extension 'ignore_ament_install'
[0.582s] Level 1:colcon.colcon_core.package_identification:_identify(src/bumperbot_cpp_examples) by extensions ['colcon_pkg']
[0.582s] Level 1:colcon.colcon_core.package_identification:_identify(src/bumperbot_cpp_examples) by extension 'colcon_pkg'
[0.582s] Level 1:colcon.colcon_core.package_identification:_identify(src/bumperbot_cpp_examples) by extensions ['colcon_meta']
[0.582s] Level 1:colcon.colcon_core.package_identification:_identify(src/bumperbot_cpp_examples) by extension 'colcon_meta'
[0.582s] Level 1:colcon.colcon_core.package_identification:_identify(src/bumperbot_cpp_examples) by extensions ['ros']
[0.582s] Level 1:colcon.colcon_core.package_identification:_identify(src/bumperbot_cpp_examples) by extension 'ros'
[0.591s] DEBUG:colcon.colcon_core.package_identification:Package 'src/bumperbot_cpp_examples' with type 'ros.ament_cmake' and name 'bumperbot_cpp_examples'
[0.591s] Level 1:colcon.colcon_core.package_identification:_identify(src/bumperbot_py_examples) by extensions ['ignore', 'ignore_ament_install']
[0.592s] Level 1:colcon.colcon_core.package_identification:_identify(src/bumperbot_py_examples) by extension 'ignore'
[0.592s] Level 1:colcon.colcon_core.package_identification:_identify(src/bumperbot_py_examples) by extension 'ignore_ament_install'
[0.592s] Level 1:colcon.colcon_core.package_identification:_identify(src/bumperbot_py_examples) by extensions ['colcon_pkg']
[0.592s] Level 1:colcon.colcon_core.package_identification:_identify(src/bumperbot_py_examples) by extension 'colcon_pkg'
[0.592s] Level 1:colcon.colcon_core.package_identification:_identify(src/bumperbot_py_examples) by extensions ['colcon_meta']
[0.592s] Level 1:colcon.colcon_core.package_identification:_identify(src/bumperbot_py_examples) by extension 'colcon_meta'
[0.592s] Level 1:colcon.colcon_core.package_identification:_identify(src/bumperbot_py_examples) by extensions ['ros']
[0.592s] Level 1:colcon.colcon_core.package_identification:_identify(src/bumperbot_py_examples) by extension 'ros'
[0.593s] DEBUG:colcon.colcon_core.package_identification:Package 'src/bumperbot_py_examples' with type 'ros.ament_python' and name 'bumperbot_py_examples'
[0.593s] Level 1:colcon.colcon_core.package_discovery:discover_packages(recursive) using defaults
[0.593s] Level 1:colcon.colcon_core.package_discovery:discover_packages(ignore) discover
[0.593s] Level 1:colcon.colcon_core.package_discovery:discover_packages(ignore) using defaults
[0.593s] Level 1:colcon.colcon_core.package_discovery:discover_packages(path) discover
[0.593s] Level 1:colcon.colcon_core.package_discovery:discover_packages(path) using defaults
[0.650s] Level 1:colcon.colcon_core.package_discovery:discover_packages(prefix_path) check parameters
[0.650s] Level 1:colcon.colcon_core.package_discovery:discover_packages(prefix_path) discover
[0.658s] DEBUG:colcon.colcon_installed_package_information.package_discovery:Found 383 installed packages in /opt/ros/jazzy
[0.664s] Level 1:colcon.colcon_core.package_discovery:discover_packages(prefix_path) using defaults
[0.727s] Level 5:colcon.colcon_core.verb:set package 'bumperbot_cpp_examples' build argument 'cmake_args' from command line to 'None'
[0.727s] Level 5:colcon.colcon_core.verb:set package 'bumperbot_cpp_examples' build argument 'cmake_target' from command line to 'None'
[0.727s] Level 5:colcon.colcon_core.verb:set package 'bumperbot_cpp_examples' build argument 'cmake_target_skip_unavailable' from command line to 'False'
[0.727s] Level 5:colcon.colcon_core.verb:set package 'bumperbot_cpp_examples' build argument 'cmake_clean_cache' from command line to 'False'
[0.727s] Level 5:colcon.colcon_core.verb:set package 'bumperbot_cpp_examples' build argument 'cmake_clean_first' from command line to 'False'
[0.727s] Level 5:colcon.colcon_core.verb:set package 'bumperbot_cpp_examples' build argument 'cmake_force_configure' from command line to 'False'
[0.727s] Level 5:colcon.colcon_core.verb:set package 'bumperbot_cpp_examples' build argument 'ament_cmake_args' from command line to 'None'
[0.728s] Level 5:colcon.colcon_core.verb:set package 'bumperbot_cpp_examples' build argument 'catkin_cmake_args' from command line to 'None'
[0.728s] Level 5:colcon.colcon_core.verb:set package 'bumperbot_cpp_examples' build argument 'catkin_skip_building_tests' from command line to 'False'
[0.728s] DEBUG:colcon.colcon_core.verb:Building package 'bumperbot_cpp_examples' with the following arguments: {'ament_cmake_args': None, 'build_base': '/home/neel/bumperbot_ws2/build/bumperbot_cpp_examples', 'catkin_cmake_args': None, 'catkin_skip_building_tests': False, 'cmake_args': None, 'cmake_clean_cache': False, 'cmake_clean_first': False, 'cmake_force_configure': False, 'cmake_target': None, 'cmake_target_skip_unavailable': False, 'install_base': '/home/neel/bumperbot_ws2/install/bumperbot_cpp_examples', 'merge_install': False, 'path': '/home/neel/bumperbot_ws2/src/bumperbot_cpp_examples', 'symlink_install': False, 'test_result_base': None}
[0.728s] Level 5:colcon.colcon_core.verb:set package 'bumperbot_py_examples' build argument 'cmake_args' from command line to 'None'
[0.728s] Level 5:colcon.colcon_core.verb:set package 'bumperbot_py_examples' build argument 'cmake_target' from command line to 'None'
[0.728s] Level 5:colcon.colcon_core.verb:set package 'bumperbot_py_examples' build argument 'cmake_target_skip_unavailable' from command line to 'False'
[0.728s] Level 5:colcon.colcon_core.verb:set package 'bumperbot_py_examples' build argument 'cmake_clean_cache' from command line to 'False'
[0.728s] Level 5:colcon.colcon_core.verb:set package 'bumperbot_py_examples' build argument 'cmake_clean_first' from command line to 'False'
[0.728s] Level 5:colcon.colcon_core.verb:set package 'bumperbot_py_examples' build argument 'cmake_force_configure' from command line to 'False'
[0.728s] Level 5:colcon.colcon_core.verb:set package 'bumperbot_py_examples' build argument 'ament_cmake_args' from command line to 'None'
[0.728s] Level 5:colcon.colcon_core.verb:set package 'bumperbot_py_examples' build argument 'catkin_cmake_args' from command line to 'None'
[0.728s] Level 5:colcon.colcon_core.verb:set package 'bumperbot_py_examples' build argument 'catkin_skip_building_tests' from command line to 'False'
[0.728s] DEBUG:colcon.colcon_core.verb:Building package 'bumperbot_py_examples' with the following arguments: {'ament_cmake_args': None, 'build_base': '/home/neel/bumperbot_ws2/build/bumperbot_py_examples', 'catkin_cmake_args': None, 'catkin_skip_building_tests': False, 'cmake_args': None, 'cmake_clean_cache': False, 'cmake_clean_first': False, 'cmake_force_configure': False, 'cmake_target': None, 'cmake_target_skip_unavailable': False, 'install_base': '/home/neel/bumperbot_ws2/install/bumperbot_py_examples', 'merge_install': False, 'path': '/home/neel/bumperbot_ws2/src/bumperbot_py_examples', 'symlink_install': False, 'test_result_base': None}
[0.728s] INFO:colcon.colcon_core.executor:Executing jobs using 'parallel' executor
[0.731s] DEBUG:colcon.colcon_parallel_executor.executor.parallel:run_until_complete
[0.731s] INFO:colcon.colcon_ros.task.ament_cmake.build:Building ROS package in '/home/neel/bumperbot_ws2/src/bumperbot_cpp_examples' with build type 'ament_cmake'
[0.733s] INFO:colcon.colcon_cmake.task.cmake.build:Building CMake package in '/home/neel/bumperbot_ws2/src/bumperbot_cpp_examples'
[0.747s] INFO:colcon.colcon_core.plugin_system:Skipping extension 'colcon_core.shell.bat': Not used on non-Windows systems
[0.747s] INFO:colcon.colcon_core.shell:Skip shell extension 'powershell' for command environment: Not usable outside of PowerShell
[0.747s] DEBUG:colcon.colcon_core.shell:Skip shell extension 'dsv' for command environment
[0.757s] INFO:colcon.colcon_ros.task.ament_python.build:Building ROS package in '/home/neel/bumperbot_ws2/src/bumperbot_py_examples' with build type 'ament_python'
[0.758s] Level 1:colcon.colcon_core.shell:create_environment_hook('bumperbot_py_examples', 'ament_prefix_path')
[0.758s] INFO:colcon.colcon_core.shell:Creating environment hook '/home/neel/bumperbot_ws2/install/bumperbot_py_examples/share/bumperbot_py_examples/hook/ament_prefix_path.ps1'
[0.762s] INFO:colcon.colcon_core.shell:Creating environment descriptor '/home/neel/bumperbot_ws2/install/bumperbot_py_examples/share/bumperbot_py_examples/hook/ament_prefix_path.dsv'
[0.765s] INFO:colcon.colcon_core.shell:Creating environment hook '/home/neel/bumperbot_ws2/install/bumperbot_py_examples/share/bumperbot_py_examples/hook/ament_prefix_path.sh'
[0.769s] INFO:colcon.colcon_core.shell:Skip shell extension 'powershell' for command environment: Not usable outside of PowerShell
[0.770s] DEBUG:colcon.colcon_core.shell:Skip shell extension 'dsv' for command environment
[0.795s] DEBUG:colcon.colcon_core.event_handler.log_command:Invoking command in '/home/neel/bumperbot_ws2/build/bumperbot_cpp_examples': CMAKE_PREFIX_PATH=${CMAKE_PREFIX_PATH}:/opt/ros/jazzy DEBUGINFOD_URLS=https://debuginfod.ubuntu.com /usr/bin/cmake --build /home/neel/bumperbot_ws2/build/bumperbot_cpp_examples -- -j4 -l4
[1.233s] INFO:colcon.colcon_core.task.python.build:Building Python package in '/home/neel/bumperbot_ws2/src/bumperbot_py_examples'
[1.233s] INFO:colcon.colcon_core.shell:Skip shell extension 'powershell' for command environment: Not usable outside of PowerShell
[1.233s] DEBUG:colcon.colcon_core.shell:Skip shell extension 'dsv' for command environment
[3.312s] DEBUG:colcon.colcon_core.event_handler.log_command:Invoking command in '/home/neel/bumperbot_ws2/src/bumperbot_py_examples': DEBUGINFOD_URLS=https://debuginfod.ubuntu.com PYTHONPATH=/home/neel/bumperbot_ws2/build/bumperbot_py_examples/prefix_override:/usr/lib/python3/dist-packages/colcon_core/task/python/colcon_distutils_commands:/home/neel/bumperbot_ws2/install/bumperbot_py_examples/lib/python3.12/site-packages:${PYTHONPATH} /usr/bin/python3 -W ignore:setup.py install is deprecated -W ignore:easy_install command is deprecated setup.py egg_info --egg-base ../../build/bumperbot_py_examples build --build-base /home/neel/bumperbot_ws2/build/bumperbot_py_examples/build install --record /home/neel/bumperbot_ws2/build/bumperbot_py_examples/install.log --single-version-externally-managed install_data
[4.401s] DEBUG:colcon.colcon_core.event_handler.log_command:Invoked command in '/home/neel/bumperbot_ws2/src/bumperbot_py_examples' returned '0': DEBUGINFOD_URLS=https://debuginfod.ubuntu.com PYTHONPATH=/home/neel/bumperbot_ws2/build/bumperbot_py_examples/prefix_override:/usr/lib/python3/dist-packages/colcon_core/task/python/colcon_distutils_commands:/home/neel/bumperbot_ws2/install/bumperbot_py_examples/lib/python3.12/site-packages:${PYTHONPATH} /usr/bin/python3 -W ignore:setup.py install is deprecated -W ignore:easy_install command is deprecated setup.py egg_info --egg-base ../../build/bumperbot_py_examples build --build-base /home/neel/bumperbot_ws2/build/bumperbot_py_examples/build install --record /home/neel/bumperbot_ws2/build/bumperbot_py_examples/install.log --single-version-externally-managed install_data
[4.418s] Level 1:colcon.colcon_core.environment:checking '/home/neel/bumperbot_ws2/install/bumperbot_py_examples' for CMake module files
[4.419s] Level 1:colcon.colcon_core.environment:checking '/home/neel/bumperbot_ws2/install/bumperbot_py_examples' for CMake config files
[4.420s] Level 1:colcon.colcon_core.environment:checking '/home/neel/bumperbot_ws2/install/bumperbot_py_examples/lib'
[4.421s] Level 1:colcon.colcon_core.environment:checking '/home/neel/bumperbot_ws2/install/bumperbot_py_examples/bin'
[4.421s] Level 1:colcon.colcon_core.environment:checking '/home/neel/bumperbot_ws2/install/bumperbot_py_examples/lib/pkgconfig/bumperbot_py_examples.pc'
[4.421s] Level 1:colcon.colcon_core.environment:checking '/home/neel/bumperbot_ws2/install/bumperbot_py_examples/lib/python3.12/site-packages'
[4.422s] Level 1:colcon.colcon_core.shell:create_environment_hook('bumperbot_py_examples', 'pythonpath')
[4.422s] INFO:colcon.colcon_core.shell:Creating environment hook '/home/neel/bumperbot_ws2/install/bumperbot_py_examples/share/bumperbot_py_examples/hook/pythonpath.ps1'
[4.424s] INFO:colcon.colcon_core.shell:Creating environment descriptor '/home/neel/bumperbot_ws2/install/bumperbot_py_examples/share/bumperbot_py_examples/hook/pythonpath.dsv'
[4.427s] INFO:colcon.colcon_core.shell:Creating environment hook '/home/neel/bumperbot_ws2/install/bumperbot_py_examples/share/bumperbot_py_examples/hook/pythonpath.sh'
[4.428s] Level 1:colcon.colcon_core.environment:checking '/home/neel/bumperbot_ws2/install/bumperbot_py_examples/bin'
[4.428s] Level 1:colcon.colcon_core.environment:create_environment_scripts_only(bumperbot_py_examples)
[4.429s] INFO:colcon.colcon_core.shell:Creating package script '/home/neel/bumperbot_ws2/install/bumperbot_py_examples/share/bumperbot_py_examples/package.ps1'
[4.433s] INFO:colcon.colcon_core.shell:Creating package descriptor '/home/neel/bumperbot_ws2/install/bumperbot_py_examples/share/bumperbot_py_examples/package.dsv'
[4.437s] INFO:colcon.colcon_core.shell:Creating package script '/home/neel/bumperbot_ws2/install/bumperbot_py_examples/share/bumperbot_py_examples/package.sh'
[4.439s] INFO:colcon.colcon_core.shell:Creating package script '/home/neel/bumperbot_ws2/install/bumperbot_py_examples/share/bumperbot_py_examples/package.bash'
[4.442s] INFO:colcon.colcon_core.shell:Creating package script '/home/neel/bumperbot_ws2/install/bumperbot_py_examples/share/bumperbot_py_examples/package.zsh'
[4.445s] Level 1:colcon.colcon_core.environment:create_file_with_runtime_dependencies(/home/neel/bumperbot_ws2/install/bumperbot_py_examples/share/colcon-core/packages/bumperbot_py_examples)
[22.559s] DEBUG:colcon.colcon_core.event_handler.log_command:Invoked command in '/home/neel/bumperbot_ws2/build/bumperbot_cpp_examples' returned '0': CMAKE_PREFIX_PATH=${CMAKE_PREFIX_PATH}:/opt/ros/jazzy DEBUGINFOD_URLS=https://debuginfod.ubuntu.com /usr/bin/cmake --build /home/neel/bumperbot_ws2/build/bumperbot_cpp_examples -- -j4 -l4
[22.587s] DEBUG:colcon.colcon_core.event_handler.log_command:Invoking command in '/home/neel/bumperbot_ws2/build/bumperbot_cpp_examples': CMAKE_PREFIX_PATH=${CMAKE_PREFIX_PATH}:/opt/ros/jazzy DEBUGINFOD_URLS=https://debuginfod.ubuntu.com /usr/bin/cmake --install /home/neel/bumperbot_ws2/build/bumperbot_cpp_examples
[22.640s] Level 1:colcon.colcon_core.environment:create_environment_scripts_only(bumperbot_cpp_examples)
[22.640s] Level 1:colcon.colcon_core.environment:checking '/home/neel/bumperbot_ws2/install/bumperbot_cpp_examples' for CMake module files
[22.641s] Level 1:colcon.colcon_core.environment:checking '/home/neel/bumperbot_ws2/install/bumperbot_cpp_examples' for CMake config files
[22.642s] DEBUG:colcon.colcon_core.event_handler.log_command:Invoked command in '/home/neel/bumperbot_ws2/build/bumperbot_cpp_examples' returned '0': CMAKE_PREFIX_PATH=${CMAKE_PREFIX_PATH}:/opt/ros/jazzy DEBUGINFOD_URLS=https://debuginfod.ubuntu.com /usr/bin/cmake --install /home/neel/bumperbot_ws2/build/bumperbot_cpp_examples
[22.643s] Level 1:colcon.colcon_core.shell:create_environment_hook('bumperbot_cpp_examples', 'cmake_prefix_path')
[22.643s] INFO:colcon.colcon_core.shell:Creating environment hook '/home/neel/bumperbot_ws2/install/bumperbot_cpp_examples/share/bumperbot_cpp_examples/hook/cmake_prefix_path.ps1'
[22.645s] INFO:colcon.colcon_core.shell:Creating environment descriptor '/home/neel/bumperbot_ws2/install/bumperbot_cpp_examples/share/bumperbot_cpp_examples/hook/cmake_prefix_path.dsv'
[22.646s] INFO:colcon.colcon_core.shell:Creating environment hook '/home/neel/bumperbot_ws2/install/bumperbot_cpp_examples/share/bumperbot_cpp_examples/hook/cmake_prefix_path.sh'
[22.648s] Level 1:colcon.colcon_core.environment:checking '/home/neel/bumperbot_ws2/install/bumperbot_cpp_examples/lib'
[22.649s] Level 1:colcon.colcon_core.environment:checking '/home/neel/bumperbot_ws2/install/bumperbot_cpp_examples/bin'
[22.649s] Level 1:colcon.colcon_core.environment:checking '/home/neel/bumperbot_ws2/install/bumperbot_cpp_examples/lib/pkgconfig/bumperbot_cpp_examples.pc'
[22.649s] Level 1:colcon.colcon_core.environment:checking '/home/neel/bumperbot_ws2/install/bumperbot_cpp_examples/lib/python3.12/site-packages'
[22.653s] Level 1:colcon.colcon_core.environment:checking '/home/neel/bumperbot_ws2/install/bumperbot_cpp_examples/bin'
[22.653s] INFO:colcon.colcon_core.shell:Creating package script '/home/neel/bumperbot_ws2/install/bumperbot_cpp_examples/share/bumperbot_cpp_examples/package.ps1'
[22.654s] INFO:colcon.colcon_core.shell:Creating package descriptor '/home/neel/bumperbot_ws2/install/bumperbot_cpp_examples/share/bumperbot_cpp_examples/package.dsv'
[22.656s] INFO:colcon.colcon_core.shell:Creating package script '/home/neel/bumperbot_ws2/install/bumperbot_cpp_examples/share/bumperbot_cpp_examples/package.sh'
[22.657s] INFO:colcon.colcon_core.shell:Creating package script '/home/neel/bumperbot_ws2/install/bumperbot_cpp_examples/share/bumperbot_cpp_examples/package.bash'
[22.658s] INFO:colcon.colcon_core.shell:Creating package script '/home/neel/bumperbot_ws2/install/bumperbot_cpp_examples/share/bumperbot_cpp_examples/package.zsh'
[22.659s] Level 1:colcon.colcon_core.environment:create_file_with_runtime_dependencies(/home/neel/bumperbot_ws2/install/bumperbot_cpp_examples/share/colcon-core/packages/bumperbot_cpp_examples)
[22.661s] Level 1:colcon.colcon_core.environment:create_environment_scripts_only(bumperbot_cpp_examples)
[22.661s] Level 1:colcon.colcon_core.environment:checking '/home/neel/bumperbot_ws2/install/bumperbot_cpp_examples' for CMake module files
[22.661s] Level 1:colcon.colcon_core.environment:checking '/home/neel/bumperbot_ws2/install/bumperbot_cpp_examples' for CMake config files
[22.662s] Level 1:colcon.colcon_core.shell:create_environment_hook('bumperbot_cpp_examples', 'cmake_prefix_path')
[22.662s] INFO:colcon.colcon_core.shell:Creating environment hook '/home/neel/bumperbot_ws2/install/bumperbot_cpp_examples/share/bumperbot_cpp_examples/hook/cmake_prefix_path.ps1'
[22.663s] INFO:colcon.colcon_core.shell:Creating environment descriptor '/home/neel/bumperbot_ws2/install/bumperbot_cpp_examples/share/bumperbot_cpp_examples/hook/cmake_prefix_path.dsv'
[22.663s] INFO:colcon.colcon_core.shell:Creating environment hook '/home/neel/bumperbot_ws2/install/bumperbot_cpp_examples/share/bumperbot_cpp_examples/hook/cmake_prefix_path.sh'
[22.664s] Level 1:colcon.colcon_core.environment:checking '/home/neel/bumperbot_ws2/install/bumperbot_cpp_examples/lib'
[22.665s] Level 1:colcon.colcon_core.environment:checking '/home/neel/bumperbot_ws2/install/bumperbot_cpp_examples/bin'
[22.665s] Level 1:colcon.colcon_core.environment:checking '/home/neel/bumperbot_ws2/install/bumperbot_cpp_examples/lib/pkgconfig/bumperbot_cpp_examples.pc'
[22.666s] Level 1:colcon.colcon_core.environment:checking '/home/neel/bumperbot_ws2/install/bumperbot_cpp_examples/lib/python3.12/site-packages'
[22.666s] Level 1:colcon.colcon_core.environment:checking '/home/neel/bumperbot_ws2/install/bumperbot_cpp_examples/bin'
[22.667s] INFO:colcon.colcon_core.shell:Creating package script '/home/neel/bumperbot_ws2/install/bumperbot_cpp_examples/share/bumperbot_cpp_examples/package.ps1'
[22.668s] INFO:colcon.colcon_core.shell:Creating package descriptor '/home/neel/bumperbot_ws2/install/bumperbot_cpp_examples/share/bumperbot_cpp_examples/package.dsv'
[22.668s] INFO:colcon.colcon_core.shell:Creating package script '/home/neel/bumperbot_ws2/install/bumperbot_cpp_examples/share/bumperbot_cpp_examples/package.sh'
[22.669s] INFO:colcon.colcon_core.shell:Creating package script '/home/neel/bumperbot_ws2/install/bumperbot_cpp_examples/share/bumperbot_cpp_examples/package.bash'
[22.670s] INFO:colcon.colcon_core.shell:Creating package script '/home/neel/bumperbot_ws2/install/bumperbot_cpp_examples/share/bumperbot_cpp_examples/package.zsh'
[22.671s] Level 1:colcon.colcon_core.environment:create_file_with_runtime_dependencies(/home/neel/bumperbot_ws2/install/bumperbot_cpp_examples/share/colcon-core/packages/bumperbot_cpp_examples)
[22.672s] DEBUG:colcon.colcon_parallel_executor.executor.parallel:closing loop
[22.673s] DEBUG:colcon.colcon_parallel_executor.executor.parallel:loop closed
[22.673s] DEBUG:colcon.colcon_parallel_executor.executor.parallel:run_until_complete finished with '0'
[22.673s] DEBUG:colcon.colcon_core.event_reactor:joining thread
[22.697s] INFO:colcon.colcon_core.plugin_system:Skipping extension 'colcon_notification.desktop_notification.terminal_notifier': Not used on non-Darwin systems
[22.702s] INFO:colcon.colcon_core.plugin_system:Skipping extension 'colcon_notification.desktop_notification.win32': Not used on non-Windows systems
[22.703s] INFO:colcon.colcon_notification.desktop_notification:Sending desktop notification using 'notify2'
[22.789s] DEBUG:colcon.colcon_core.event_reactor:joined thread
[22.789s] INFO:colcon.colcon_core.shell:Creating prefix script '/home/neel/bumperbot_ws2/install/local_setup.ps1'
[22.792s] INFO:colcon.colcon_core.shell:Creating prefix util module '/home/neel/bumperbot_ws2/install/_local_setup_util_ps1.py'
[22.799s] INFO:colcon.colcon_core.shell:Creating prefix chain script '/home/neel/bumperbot_ws2/install/setup.ps1'
[22.802s] INFO:colcon.colcon_core.shell:Creating prefix script '/home/neel/bumperbot_ws2/install/local_setup.sh'
[22.804s] INFO:colcon.colcon_core.shell:Creating prefix util module '/home/neel/bumperbot_ws2/install/_local_setup_util_sh.py'
[22.806s] INFO:colcon.colcon_core.shell:Creating prefix chain script '/home/neel/bumperbot_ws2/install/setup.sh'
[22.809s] INFO:colcon.colcon_core.shell:Creating prefix script '/home/neel/bumperbot_ws2/install/local_setup.bash'
[22.811s] INFO:colcon.colcon_core.shell:Creating prefix chain script '/home/neel/bumperbot_ws2/install/setup.bash'
[22.814s] INFO:colcon.colcon_core.shell:Creating prefix script '/home/neel/bumperbot_ws2/install/local_setup.zsh'
[22.816s] INFO:colcon.colcon_core.shell:Creating prefix chain script '/home/neel/bumperbot_ws2/install/setup.zsh'
