[0.091s] DEBUG:colcon:Command line arguments: ['/usr/bin/colcon', 'build']
[0.091s] DEBUG:colcon:Parsed command line arguments: Namespace(log_base=None, log_level=None, verb_name='build', build_base='build', install_base='install', merge_install=False, symlink_install=False, test_result_base=None, continue_on_error=False, executor='parallel', parallel_workers=4, event_handlers=None, ignore_user_meta=False, metas=['./colcon.meta'], base_paths=['.'], packages_ignore=None, packages_ignore_regex=None, paths=None, packages_up_to=None, packages_up_to_regex=None, packages_above=None, packages_above_and_dependencies=None, packages_above_depth=None, packages_select_by_dep=None, packages_skip_by_dep=None, packages_skip_up_to=None, packages_select_build_failed=False, packages_skip_build_finished=False, packages_select_test_failures=False, packages_skip_test_passed=False, packages_select=None, packages_skip=None, packages_select_regex=None, packages_skip_regex=None, packages_start=None, packages_end=None, allow_overriding=[], cmake_args=None, cmake_target=None, cmake_target_skip_unavailable=False, cmake_clean_cache=False, cmake_clean_first=False, cmake_force_configure=False, ament_cmake_args=None, catkin_cmake_args=None, catkin_skip_building_tests=False, mixin_files=None, mixin=None, verb_parser=<colcon_mixin.mixin.mixin_argument.MixinArgumentDecorator object at 0x7485aacb0dd0>, verb_extension=<colcon_core.verb.build.BuildVerb object at 0x7485aaddd130>, main=<bound method BuildVerb.main of <colcon_core.verb.build.BuildVerb object at 0x7485aaddd130>>, mixin_verb=('build',))
[0.125s] Level 1:colcon.colcon_core.package_discovery:discover_packages(colcon_meta) check parameters
[0.125s] Level 1:colcon.colcon_core.package_discovery:discover_packages(recursive) check parameters
[0.125s] Level 1:colcon.colcon_core.package_discovery:discover_packages(ignore) check parameters
[0.125s] Level 1:colcon.colcon_core.package_discovery:discover_packages(path) check parameters
[0.125s] Level 1:colcon.colcon_core.package_discovery:discover_packages(colcon_meta) discover
[0.125s] Level 1:colcon.colcon_core.package_discovery:discover_packages(recursive) discover
[0.125s] INFO:colcon.colcon_core.package_discovery:Crawling recursively for packages in '/home/neel/bumperbot_ws2'
[0.125s] Level 1:colcon.colcon_core.package_identification:_identify(.) by extensions ['ignore', 'ignore_ament_install']
[0.126s] Level 1:colcon.colcon_core.package_identification:_identify(.) by extension 'ignore'
[0.126s] Level 1:colcon.colcon_core.package_identification:_identify(.) by extension 'ignore_ament_install'
[0.126s] Level 1:colcon.colcon_core.package_identification:_identify(.) by extensions ['colcon_pkg']
[0.126s] Level 1:colcon.colcon_core.package_identification:_identify(.) by extension 'colcon_pkg'
[0.126s] Level 1:colcon.colcon_core.package_identification:_identify(.) by extensions ['colcon_meta']
[0.126s] Level 1:colcon.colcon_core.package_identification:_identify(.) by extension 'colcon_meta'
[0.126s] Level 1:colcon.colcon_core.package_identification:_identify(.) by extensions ['ros']
[0.126s] Level 1:colcon.colcon_core.package_identification:_identify(.) by extension 'ros'
[0.146s] Level 1:colcon.colcon_core.package_identification:_identify(.) by extensions ['cmake', 'python']
[0.146s] Level 1:colcon.colcon_core.package_identification:_identify(.) by extension 'cmake'
[0.146s] Level 1:colcon.colcon_core.package_identification:_identify(.) by extension 'python'
[0.146s] Level 1:colcon.colcon_core.package_identification:_identify(.) by extensions ['python_setup_py']
[0.146s] Level 1:colcon.colcon_core.package_identification:_identify(.) by extension 'python_setup_py'
[0.147s] Level 1:colcon.colcon_core.package_identification:_identify(build) by extensions ['ignore', 'ignore_ament_install']
[0.147s] Level 1:colcon.colcon_core.package_identification:_identify(build) by extension 'ignore'
[0.147s] Level 1:colcon.colcon_core.package_identification:_identify(build) ignored
[0.147s] Level 1:colcon.colcon_core.package_identification:_identify(install) by extensions ['ignore', 'ignore_ament_install']
[0.147s] Level 1:colcon.colcon_core.package_identification:_identify(install) by extension 'ignore'
[0.147s] Level 1:colcon.colcon_core.package_identification:_identify(install) ignored
[0.147s] Level 1:colcon.colcon_core.package_identification:_identify(log) by extensions ['ignore', 'ignore_ament_install']
[0.147s] Level 1:colcon.colcon_core.package_identification:_identify(log) by extension 'ignore'
[0.147s] Level 1:colcon.colcon_core.package_identification:_identify(log) ignored
[0.147s] Level 1:colcon.colcon_core.package_identification:_identify(src) by extensions ['ignore', 'ignore_ament_install']
[0.147s] Level 1:colcon.colcon_core.package_identification:_identify(src) by extension 'ignore'
[0.147s] Level 1:colcon.colcon_core.package_identification:_identify(src) by extension 'ignore_ament_install'
[0.147s] Level 1:colcon.colcon_core.package_identification:_identify(src) by extensions ['colcon_pkg']
[0.147s] Level 1:colcon.colcon_core.package_identification:_identify(src) by extension 'colcon_pkg'
[0.147s] Level 1:colcon.colcon_core.package_identification:_identify(src) by extensions ['colcon_meta']
[0.147s] Level 1:colcon.colcon_core.package_identification:_identify(src) by extension 'colcon_meta'
[0.147s] Level 1:colcon.colcon_core.package_identification:_identify(src) by extensions ['ros']
[0.147s] Level 1:colcon.colcon_core.package_identification:_identify(src) by extension 'ros'
[0.147s] Level 1:colcon.colcon_core.package_identification:_identify(src) by extensions ['cmake', 'python']
[0.147s] Level 1:colcon.colcon_core.package_identification:_identify(src) by extension 'cmake'
[0.147s] Level 1:colcon.colcon_core.package_identification:_identify(src) by extension 'python'
[0.147s] Level 1:colcon.colcon_core.package_identification:_identify(src) by extensions ['python_setup_py']
[0.147s] Level 1:colcon.colcon_core.package_identification:_identify(src) by extension 'python_setup_py'
[0.147s] Level 1:colcon.colcon_core.package_identification:_identify(src/bumperbot_cpp_examples) by extensions ['ignore', 'ignore_ament_install']
[0.147s] Level 1:colcon.colcon_core.package_identification:_identify(src/bumperbot_cpp_examples) by extension 'ignore'
[0.148s] Level 1:colcon.colcon_core.package_identification:_identify(src/bumperbot_cpp_examples) by extension 'ignore_ament_install'
[0.148s] Level 1:colcon.colcon_core.package_identification:_identify(src/bumperbot_cpp_examples) by extensions ['colcon_pkg']
[0.148s] Level 1:colcon.colcon_core.package_identification:_identify(src/bumperbot_cpp_examples) by extension 'colcon_pkg'
[0.148s] Level 1:colcon.colcon_core.package_identification:_identify(src/bumperbot_cpp_examples) by extensions ['colcon_meta']
[0.148s] Level 1:colcon.colcon_core.package_identification:_identify(src/bumperbot_cpp_examples) by extension 'colcon_meta'
[0.148s] Level 1:colcon.colcon_core.package_identification:_identify(src/bumperbot_cpp_examples) by extensions ['ros']
[0.148s] Level 1:colcon.colcon_core.package_identification:_identify(src/bumperbot_cpp_examples) by extension 'ros'
[0.150s] DEBUG:colcon.colcon_core.package_identification:Package 'src/bumperbot_cpp_examples' with type 'ros.ament_cmake' and name 'bumperbot_cpp_examples'
[0.150s] Level 1:colcon.colcon_core.package_identification:_identify(src/bumperbot_py_examples) by extensions ['ignore', 'ignore_ament_install']
[0.150s] Level 1:colcon.colcon_core.package_identification:_identify(src/bumperbot_py_examples) by extension 'ignore'
[0.150s] Level 1:colcon.colcon_core.package_identification:_identify(src/bumperbot_py_examples) by extension 'ignore_ament_install'
[0.150s] Level 1:colcon.colcon_core.package_identification:_identify(src/bumperbot_py_examples) by extensions ['colcon_pkg']
[0.150s] Level 1:colcon.colcon_core.package_identification:_identify(src/bumperbot_py_examples) by extension 'colcon_pkg'
[0.150s] Level 1:colcon.colcon_core.package_identification:_identify(src/bumperbot_py_examples) by extensions ['colcon_meta']
[0.150s] Level 1:colcon.colcon_core.package_identification:_identify(src/bumperbot_py_examples) by extension 'colcon_meta'
[0.150s] Level 1:colcon.colcon_core.package_identification:_identify(src/bumperbot_py_examples) by extensions ['ros']
[0.150s] Level 1:colcon.colcon_core.package_identification:_identify(src/bumperbot_py_examples) by extension 'ros'
[0.150s] DEBUG:colcon.colcon_core.package_identification:Package 'src/bumperbot_py_examples' with type 'ros.ament_python' and name 'bumperbot_py_examples'
[0.150s] Level 1:colcon.colcon_core.package_discovery:discover_packages(recursive) using defaults
[0.150s] Level 1:colcon.colcon_core.package_discovery:discover_packages(ignore) discover
[0.150s] Level 1:colcon.colcon_core.package_discovery:discover_packages(ignore) using defaults
[0.150s] Level 1:colcon.colcon_core.package_discovery:discover_packages(path) discover
[0.150s] Level 1:colcon.colcon_core.package_discovery:discover_packages(path) using defaults
[0.164s] Level 1:colcon.colcon_core.package_discovery:discover_packages(prefix_path) check parameters
[0.165s] Level 1:colcon.colcon_core.package_discovery:discover_packages(prefix_path) discover
[0.167s] DEBUG:colcon.colcon_installed_package_information.package_discovery:Found 383 installed packages in /opt/ros/jazzy
[0.168s] Level 1:colcon.colcon_core.package_discovery:discover_packages(prefix_path) using defaults
[0.206s] Level 5:colcon.colcon_core.verb:set package 'bumperbot_cpp_examples' build argument 'cmake_args' from command line to 'None'
[0.206s] Level 5:colcon.colcon_core.verb:set package 'bumperbot_cpp_examples' build argument 'cmake_target' from command line to 'None'
[0.206s] Level 5:colcon.colcon_core.verb:set package 'bumperbot_cpp_examples' build argument 'cmake_target_skip_unavailable' from command line to 'False'
[0.206s] Level 5:colcon.colcon_core.verb:set package 'bumperbot_cpp_examples' build argument 'cmake_clean_cache' from command line to 'False'
[0.206s] Level 5:colcon.colcon_core.verb:set package 'bumperbot_cpp_examples' build argument 'cmake_clean_first' from command line to 'False'
[0.206s] Level 5:colcon.colcon_core.verb:set package 'bumperbot_cpp_examples' build argument 'cmake_force_configure' from command line to 'False'
[0.206s] Level 5:colcon.colcon_core.verb:set package 'bumperbot_cpp_examples' build argument 'ament_cmake_args' from command line to 'None'
[0.206s] Level 5:colcon.colcon_core.verb:set package 'bumperbot_cpp_examples' build argument 'catkin_cmake_args' from command line to 'None'
[0.206s] Level 5:colcon.colcon_core.verb:set package 'bumperbot_cpp_examples' build argument 'catkin_skip_building_tests' from command line to 'False'
[0.206s] DEBUG:colcon.colcon_core.verb:Building package 'bumperbot_cpp_examples' with the following arguments: {'ament_cmake_args': None, 'build_base': '/home/neel/bumperbot_ws2/build/bumperbot_cpp_examples', 'catkin_cmake_args': None, 'catkin_skip_building_tests': False, 'cmake_args': None, 'cmake_clean_cache': False, 'cmake_clean_first': False, 'cmake_force_configure': False, 'cmake_target': None, 'cmake_target_skip_unavailable': False, 'install_base': '/home/neel/bumperbot_ws2/install/bumperbot_cpp_examples', 'merge_install': False, 'path': '/home/neel/bumperbot_ws2/src/bumperbot_cpp_examples', 'symlink_install': False, 'test_result_base': None}
[0.206s] Level 5:colcon.colcon_core.verb:set package 'bumperbot_py_examples' build argument 'cmake_args' from command line to 'None'
[0.206s] Level 5:colcon.colcon_core.verb:set package 'bumperbot_py_examples' build argument 'cmake_target' from command line to 'None'
[0.206s] Level 5:colcon.colcon_core.verb:set package 'bumperbot_py_examples' build argument 'cmake_target_skip_unavailable' from command line to 'False'
[0.206s] Level 5:colcon.colcon_core.verb:set package 'bumperbot_py_examples' build argument 'cmake_clean_cache' from command line to 'False'
[0.206s] Level 5:colcon.colcon_core.verb:set package 'bumperbot_py_examples' build argument 'cmake_clean_first' from command line to 'False'
[0.206s] Level 5:colcon.colcon_core.verb:set package 'bumperbot_py_examples' build argument 'cmake_force_configure' from command line to 'False'
[0.206s] Level 5:colcon.colcon_core.verb:set package 'bumperbot_py_examples' build argument 'ament_cmake_args' from command line to 'None'
[0.206s] Level 5:colcon.colcon_core.verb:set package 'bumperbot_py_examples' build argument 'catkin_cmake_args' from command line to 'None'
[0.206s] Level 5:colcon.colcon_core.verb:set package 'bumperbot_py_examples' build argument 'catkin_skip_building_tests' from command line to 'False'
[0.206s] DEBUG:colcon.colcon_core.verb:Building package 'bumperbot_py_examples' with the following arguments: {'ament_cmake_args': None, 'build_base': '/home/neel/bumperbot_ws2/build/bumperbot_py_examples', 'catkin_cmake_args': None, 'catkin_skip_building_tests': False, 'cmake_args': None, 'cmake_clean_cache': False, 'cmake_clean_first': False, 'cmake_force_configure': False, 'cmake_target': None, 'cmake_target_skip_unavailable': False, 'install_base': '/home/neel/bumperbot_ws2/install/bumperbot_py_examples', 'merge_install': False, 'path': '/home/neel/bumperbot_ws2/src/bumperbot_py_examples', 'symlink_install': False, 'test_result_base': None}
[0.206s] INFO:colcon.colcon_core.executor:Executing jobs using 'parallel' executor
[0.209s] DEBUG:colcon.colcon_parallel_executor.executor.parallel:run_until_complete
[0.209s] INFO:colcon.colcon_ros.task.ament_cmake.build:Building ROS package in '/home/neel/bumperbot_ws2/src/bumperbot_cpp_examples' with build type 'ament_cmake'
[0.209s] INFO:colcon.colcon_cmake.task.cmake.build:Building CMake package in '/home/neel/bumperbot_ws2/src/bumperbot_cpp_examples'
[0.212s] INFO:colcon.colcon_core.plugin_system:Skipping extension 'colcon_core.shell.bat': Not used on non-Windows systems
[0.212s] INFO:colcon.colcon_core.shell:Skip shell extension 'powershell' for command environment: Not usable outside of PowerShell
[0.212s] DEBUG:colcon.colcon_core.shell:Skip shell extension 'dsv' for command environment
[0.218s] INFO:colcon.colcon_ros.task.ament_python.build:Building ROS package in '/home/neel/bumperbot_ws2/src/bumperbot_py_examples' with build type 'ament_python'
[0.218s] Level 1:colcon.colcon_core.shell:create_environment_hook('bumperbot_py_examples', 'ament_prefix_path')
[0.219s] INFO:colcon.colcon_core.shell:Creating environment hook '/home/neel/bumperbot_ws2/install/bumperbot_py_examples/share/bumperbot_py_examples/hook/ament_prefix_path.ps1'
[0.220s] INFO:colcon.colcon_core.shell:Creating environment descriptor '/home/neel/bumperbot_ws2/install/bumperbot_py_examples/share/bumperbot_py_examples/hook/ament_prefix_path.dsv'
[0.221s] INFO:colcon.colcon_core.shell:Creating environment hook '/home/neel/bumperbot_ws2/install/bumperbot_py_examples/share/bumperbot_py_examples/hook/ament_prefix_path.sh'
[0.222s] INFO:colcon.colcon_core.shell:Skip shell extension 'powershell' for command environment: Not usable outside of PowerShell
[0.222s] DEBUG:colcon.colcon_core.shell:Skip shell extension 'dsv' for command environment
[0.247s] DEBUG:colcon.colcon_core.event_handler.log_command:Invoking command in '/home/neel/bumperbot_ws2/build/bumperbot_cpp_examples': CMAKE_PREFIX_PATH=${CMAKE_PREFIX_PATH}:/opt/ros/jazzy DEBUGINFOD_URLS=https://debuginfod.ubuntu.com /usr/bin/cmake --build /home/neel/bumperbot_ws2/build/bumperbot_cpp_examples -- -j4 -l4
[0.480s] INFO:colcon.colcon_core.task.python.build:Building Python package in '/home/neel/bumperbot_ws2/src/bumperbot_py_examples'
[0.481s] INFO:colcon.colcon_core.shell:Skip shell extension 'powershell' for command environment: Not usable outside of PowerShell
[0.482s] DEBUG:colcon.colcon_core.shell:Skip shell extension 'dsv' for command environment
[0.496s] DEBUG:colcon.colcon_core.event_handler.log_command:Invoked command in '/home/neel/bumperbot_ws2/build/bumperbot_cpp_examples' returned '0': CMAKE_PREFIX_PATH=${CMAKE_PREFIX_PATH}:/opt/ros/jazzy DEBUGINFOD_URLS=https://debuginfod.ubuntu.com /usr/bin/cmake --build /home/neel/bumperbot_ws2/build/bumperbot_cpp_examples -- -j4 -l4
[0.509s] DEBUG:colcon.colcon_core.event_handler.log_command:Invoking command in '/home/neel/bumperbot_ws2/build/bumperbot_cpp_examples': CMAKE_PREFIX_PATH=${CMAKE_PREFIX_PATH}:/opt/ros/jazzy DEBUGINFOD_URLS=https://debuginfod.ubuntu.com /usr/bin/cmake --install /home/neel/bumperbot_ws2/build/bumperbot_cpp_examples
[0.534s] Level 1:colcon.colcon_core.environment:create_environment_scripts_only(bumperbot_cpp_examples)
[0.538s] DEBUG:colcon.colcon_core.event_handler.log_command:Invoked command in '/home/neel/bumperbot_ws2/build/bumperbot_cpp_examples' returned '0': CMAKE_PREFIX_PATH=${CMAKE_PREFIX_PATH}:/opt/ros/jazzy DEBUGINFOD_URLS=https://debuginfod.ubuntu.com /usr/bin/cmake --install /home/neel/bumperbot_ws2/build/bumperbot_cpp_examples
[0.539s] Level 1:colcon.colcon_core.environment:checking '/home/neel/bumperbot_ws2/install/bumperbot_cpp_examples' for CMake module files
[0.539s] Level 1:colcon.colcon_core.environment:checking '/home/neel/bumperbot_ws2/install/bumperbot_cpp_examples' for CMake config files
[0.540s] Level 1:colcon.colcon_core.shell:create_environment_hook('bumperbot_cpp_examples', 'cmake_prefix_path')
[0.540s] INFO:colcon.colcon_core.shell:Creating environment hook '/home/neel/bumperbot_ws2/install/bumperbot_cpp_examples/share/bumperbot_cpp_examples/hook/cmake_prefix_path.ps1'
[0.541s] INFO:colcon.colcon_core.shell:Creating environment descriptor '/home/neel/bumperbot_ws2/install/bumperbot_cpp_examples/share/bumperbot_cpp_examples/hook/cmake_prefix_path.dsv'
[0.542s] INFO:colcon.colcon_core.shell:Creating environment hook '/home/neel/bumperbot_ws2/install/bumperbot_cpp_examples/share/bumperbot_cpp_examples/hook/cmake_prefix_path.sh'
[0.543s] Level 1:colcon.colcon_core.environment:checking '/home/neel/bumperbot_ws2/install/bumperbot_cpp_examples/lib'
[0.543s] Level 1:colcon.colcon_core.environment:checking '/home/neel/bumperbot_ws2/install/bumperbot_cpp_examples/bin'
[0.543s] Level 1:colcon.colcon_core.environment:checking '/home/neel/bumperbot_ws2/install/bumperbot_cpp_examples/lib/pkgconfig/bumperbot_cpp_examples.pc'
[0.544s] Level 1:colcon.colcon_core.environment:checking '/home/neel/bumperbot_ws2/install/bumperbot_cpp_examples/lib/python3.12/site-packages'
[0.544s] Level 1:colcon.colcon_core.environment:checking '/home/neel/bumperbot_ws2/install/bumperbot_cpp_examples/bin'
[0.544s] INFO:colcon.colcon_core.shell:Creating package script '/home/neel/bumperbot_ws2/install/bumperbot_cpp_examples/share/bumperbot_cpp_examples/package.ps1'
[0.545s] INFO:colcon.colcon_core.shell:Creating package descriptor '/home/neel/bumperbot_ws2/install/bumperbot_cpp_examples/share/bumperbot_cpp_examples/package.dsv'
[0.546s] INFO:colcon.colcon_core.shell:Creating package script '/home/neel/bumperbot_ws2/install/bumperbot_cpp_examples/share/bumperbot_cpp_examples/package.sh'
[0.547s] INFO:colcon.colcon_core.shell:Creating package script '/home/neel/bumperbot_ws2/install/bumperbot_cpp_examples/share/bumperbot_cpp_examples/package.bash'
[0.548s] INFO:colcon.colcon_core.shell:Creating package script '/home/neel/bumperbot_ws2/install/bumperbot_cpp_examples/share/bumperbot_cpp_examples/package.zsh'
[0.549s] Level 1:colcon.colcon_core.environment:create_file_with_runtime_dependencies(/home/neel/bumperbot_ws2/install/bumperbot_cpp_examples/share/colcon-core/packages/bumperbot_cpp_examples)
[0.550s] Level 1:colcon.colcon_core.environment:create_environment_scripts_only(bumperbot_cpp_examples)
[0.550s] Level 1:colcon.colcon_core.environment:checking '/home/neel/bumperbot_ws2/install/bumperbot_cpp_examples' for CMake module files
[0.551s] Level 1:colcon.colcon_core.environment:checking '/home/neel/bumperbot_ws2/install/bumperbot_cpp_examples' for CMake config files
[0.551s] Level 1:colcon.colcon_core.shell:create_environment_hook('bumperbot_cpp_examples', 'cmake_prefix_path')
[0.552s] INFO:colcon.colcon_core.shell:Creating environment hook '/home/neel/bumperbot_ws2/install/bumperbot_cpp_examples/share/bumperbot_cpp_examples/hook/cmake_prefix_path.ps1'
[0.552s] INFO:colcon.colcon_core.shell:Creating environment descriptor '/home/neel/bumperbot_ws2/install/bumperbot_cpp_examples/share/bumperbot_cpp_examples/hook/cmake_prefix_path.dsv'
[0.553s] INFO:colcon.colcon_core.shell:Creating environment hook '/home/neel/bumperbot_ws2/install/bumperbot_cpp_examples/share/bumperbot_cpp_examples/hook/cmake_prefix_path.sh'
[0.553s] Level 1:colcon.colcon_core.environment:checking '/home/neel/bumperbot_ws2/install/bumperbot_cpp_examples/lib'
[0.553s] Level 1:colcon.colcon_core.environment:checking '/home/neel/bumperbot_ws2/install/bumperbot_cpp_examples/bin'
[0.554s] Level 1:colcon.colcon_core.environment:checking '/home/neel/bumperbot_ws2/install/bumperbot_cpp_examples/lib/pkgconfig/bumperbot_cpp_examples.pc'
[0.554s] Level 1:colcon.colcon_core.environment:checking '/home/neel/bumperbot_ws2/install/bumperbot_cpp_examples/lib/python3.12/site-packages'
[0.554s] Level 1:colcon.colcon_core.environment:checking '/home/neel/bumperbot_ws2/install/bumperbot_cpp_examples/bin'
[0.554s] INFO:colcon.colcon_core.shell:Creating package script '/home/neel/bumperbot_ws2/install/bumperbot_cpp_examples/share/bumperbot_cpp_examples/package.ps1'
[0.555s] INFO:colcon.colcon_core.shell:Creating package descriptor '/home/neel/bumperbot_ws2/install/bumperbot_cpp_examples/share/bumperbot_cpp_examples/package.dsv'
[0.555s] INFO:colcon.colcon_core.shell:Creating package script '/home/neel/bumperbot_ws2/install/bumperbot_cpp_examples/share/bumperbot_cpp_examples/package.sh'
[0.556s] INFO:colcon.colcon_core.shell:Creating package script '/home/neel/bumperbot_ws2/install/bumperbot_cpp_examples/share/bumperbot_cpp_examples/package.bash'
[0.556s] INFO:colcon.colcon_core.shell:Creating package script '/home/neel/bumperbot_ws2/install/bumperbot_cpp_examples/share/bumperbot_cpp_examples/package.zsh'
[0.557s] Level 1:colcon.colcon_core.environment:create_file_with_runtime_dependencies(/home/neel/bumperbot_ws2/install/bumperbot_cpp_examples/share/colcon-core/packages/bumperbot_cpp_examples)
[1.087s] DEBUG:colcon.colcon_core.event_handler.log_command:Invoking command in '/home/neel/bumperbot_ws2/src/bumperbot_py_examples': DEBUGINFOD_URLS=https://debuginfod.ubuntu.com PYTHONPATH=/home/neel/bumperbot_ws2/build/bumperbot_py_examples/prefix_override:/usr/lib/python3/dist-packages/colcon_core/task/python/colcon_distutils_commands:/home/neel/bumperbot_ws2/install/bumperbot_py_examples/lib/python3.12/site-packages:${PYTHONPATH} /usr/bin/python3 -W ignore:setup.py install is deprecated -W ignore:easy_install command is deprecated setup.py egg_info --egg-base ../../build/bumperbot_py_examples build --build-base /home/neel/bumperbot_ws2/build/bumperbot_py_examples/build install --record /home/neel/bumperbot_ws2/build/bumperbot_py_examples/install.log --single-version-externally-managed install_data
[1.693s] Level 1:colcon.colcon_core.environment:checking '/home/neel/bumperbot_ws2/install/bumperbot_py_examples' for CMake module files
[1.694s] DEBUG:colcon.colcon_core.event_handler.log_command:Invoked command in '/home/neel/bumperbot_ws2/src/bumperbot_py_examples' returned '0': DEBUGINFOD_URLS=https://debuginfod.ubuntu.com PYTHONPATH=/home/neel/bumperbot_ws2/build/bumperbot_py_examples/prefix_override:/usr/lib/python3/dist-packages/colcon_core/task/python/colcon_distutils_commands:/home/neel/bumperbot_ws2/install/bumperbot_py_examples/lib/python3.12/site-packages:${PYTHONPATH} /usr/bin/python3 -W ignore:setup.py install is deprecated -W ignore:easy_install command is deprecated setup.py egg_info --egg-base ../../build/bumperbot_py_examples build --build-base /home/neel/bumperbot_ws2/build/bumperbot_py_examples/build install --record /home/neel/bumperbot_ws2/build/bumperbot_py_examples/install.log --single-version-externally-managed install_data
[1.695s] Level 1:colcon.colcon_core.environment:checking '/home/neel/bumperbot_ws2/install/bumperbot_py_examples' for CMake config files
[1.695s] Level 1:colcon.colcon_core.environment:checking '/home/neel/bumperbot_ws2/install/bumperbot_py_examples/lib'
[1.696s] Level 1:colcon.colcon_core.environment:checking '/home/neel/bumperbot_ws2/install/bumperbot_py_examples/bin'
[1.696s] Level 1:colcon.colcon_core.environment:checking '/home/neel/bumperbot_ws2/install/bumperbot_py_examples/lib/pkgconfig/bumperbot_py_examples.pc'
[1.696s] Level 1:colcon.colcon_core.environment:checking '/home/neel/bumperbot_ws2/install/bumperbot_py_examples/lib/python3.12/site-packages'
[1.696s] Level 1:colcon.colcon_core.shell:create_environment_hook('bumperbot_py_examples', 'pythonpath')
[1.697s] INFO:colcon.colcon_core.shell:Creating environment hook '/home/neel/bumperbot_ws2/install/bumperbot_py_examples/share/bumperbot_py_examples/hook/pythonpath.ps1'
[1.697s] INFO:colcon.colcon_core.shell:Creating environment descriptor '/home/neel/bumperbot_ws2/install/bumperbot_py_examples/share/bumperbot_py_examples/hook/pythonpath.dsv'
[1.698s] INFO:colcon.colcon_core.shell:Creating environment hook '/home/neel/bumperbot_ws2/install/bumperbot_py_examples/share/bumperbot_py_examples/hook/pythonpath.sh'
[1.699s] Level 1:colcon.colcon_core.environment:checking '/home/neel/bumperbot_ws2/install/bumperbot_py_examples/bin'
[1.699s] Level 1:colcon.colcon_core.environment:create_environment_scripts_only(bumperbot_py_examples)
[1.699s] INFO:colcon.colcon_core.shell:Creating package script '/home/neel/bumperbot_ws2/install/bumperbot_py_examples/share/bumperbot_py_examples/package.ps1'
[1.700s] INFO:colcon.colcon_core.shell:Creating package descriptor '/home/neel/bumperbot_ws2/install/bumperbot_py_examples/share/bumperbot_py_examples/package.dsv'
[1.701s] INFO:colcon.colcon_core.shell:Creating package script '/home/neel/bumperbot_ws2/install/bumperbot_py_examples/share/bumperbot_py_examples/package.sh'
[1.702s] INFO:colcon.colcon_core.shell:Creating package script '/home/neel/bumperbot_ws2/install/bumperbot_py_examples/share/bumperbot_py_examples/package.bash'
[1.703s] INFO:colcon.colcon_core.shell:Creating package script '/home/neel/bumperbot_ws2/install/bumperbot_py_examples/share/bumperbot_py_examples/package.zsh'
[1.703s] Level 1:colcon.colcon_core.environment:create_file_with_runtime_dependencies(/home/neel/bumperbot_ws2/install/bumperbot_py_examples/share/colcon-core/packages/bumperbot_py_examples)
[1.704s] DEBUG:colcon.colcon_parallel_executor.executor.parallel:closing loop
[1.709s] DEBUG:colcon.colcon_parallel_executor.executor.parallel:loop closed
[1.709s] DEBUG:colcon.colcon_parallel_executor.executor.parallel:run_until_complete finished with '0'
[1.709s] DEBUG:colcon.colcon_core.event_reactor:joining thread
[1.718s] INFO:colcon.colcon_core.plugin_system:Skipping extension 'colcon_notification.desktop_notification.terminal_notifier': Not used on non-Darwin systems
[1.719s] INFO:colcon.colcon_core.plugin_system:Skipping extension 'colcon_notification.desktop_notification.win32': Not used on non-Windows systems
[1.719s] INFO:colcon.colcon_notification.desktop_notification:Sending desktop notification using 'notify2'
[1.783s] DEBUG:colcon.colcon_core.event_reactor:joined thread
[1.784s] INFO:colcon.colcon_core.shell:Creating prefix script '/home/neel/bumperbot_ws2/install/local_setup.ps1'
[1.786s] INFO:colcon.colcon_core.shell:Creating prefix util module '/home/neel/bumperbot_ws2/install/_local_setup_util_ps1.py'
[1.788s] INFO:colcon.colcon_core.shell:Creating prefix chain script '/home/neel/bumperbot_ws2/install/setup.ps1'
[1.792s] INFO:colcon.colcon_core.shell:Creating prefix script '/home/neel/bumperbot_ws2/install/local_setup.sh'
[1.793s] INFO:colcon.colcon_core.shell:Creating prefix util module '/home/neel/bumperbot_ws2/install/_local_setup_util_sh.py'
[1.795s] INFO:colcon.colcon_core.shell:Creating prefix chain script '/home/neel/bumperbot_ws2/install/setup.sh'
[1.797s] INFO:colcon.colcon_core.shell:Creating prefix script '/home/neel/bumperbot_ws2/install/local_setup.bash'
[1.799s] INFO:colcon.colcon_core.shell:Creating prefix chain script '/home/neel/bumperbot_ws2/install/setup.bash'
[1.800s] INFO:colcon.colcon_core.shell:Creating prefix script '/home/neel/bumperbot_ws2/install/local_setup.zsh'
[1.801s] INFO:colcon.colcon_core.shell:Creating prefix chain script '/home/neel/bumperbot_ws2/install/setup.zsh'
