[0.125s] Invoking command in '/home/neel/bumperbot_ws2/build/bumperbot_cpp_examples': CMAKE_PREFIX_PATH=${CMAKE_PREFIX_PATH}:/opt/ros/jazzy DEBUGINFOD_URLS=https://debuginfod.ubuntu.com /usr/bin/cmake --build /home/neel/bumperbot_ws2/build/bumperbot_cpp_examples -- -j4 -l4
[0.605s] -- Found ament_cmake: 2.5.4 (/opt/ros/jazzy/share/ament_cmake/cmake)
[1.500s] -- Found rclcpp: 28.1.10 (/opt/ros/jazzy/share/rclcpp/cmake)
[1.756s] -- Found rosidl_generator_c: 4.6.5 (/opt/ros/jazzy/share/rosidl_generator_c/cmake)
[1.794s] -- Found rosidl_generator_cpp: 4.6.5 (/opt/ros/jazzy/share/rosidl_generator_cpp/cmake)
[1.885s] -- Using all available rosidl_typesupport_c: rosidl_typesupport_fastrtps_c;rosidl_typesupport_introspection_c
[1.949s] -- Using all available rosidl_typesupport_cpp: rosidl_typesupport_fastrtps_cpp;rosidl_typesupport_introspection_cpp
[2.181s] -- Found rmw_implementation_cmake: 7.3.2 (/opt/ros/jazzy/share/rmw_implementation_cmake/cmake)
[2.196s] -- Found rmw_fastrtps_cpp: 8.4.2 (/opt/ros/jazzy/share/rmw_fastrtps_cpp/cmake)
[2.588s] -- Using RMW implementation 'rmw_fastrtps_cpp' as default
[3.067s] -- Found std_msgs: 5.3.6 (/opt/ros/jazzy/share/std_msgs/cmake)
[3.142s] -- Found ament_lint_auto: 0.17.2 (/opt/ros/jazzy/share/ament_lint_auto/cmake)
[3.401s] -- Added test 'cppcheck' to perform static code analysis on C / C++ code
[3.401s] -- Configured cppcheck include dirs: 
[3.402s] -- Configured cppcheck exclude dirs and/or files: 
[3.405s] -- Added test 'lint_cmake' to check CMake code style
[3.407s] -- Added test 'uncrustify' to check C / C++ code style
[3.408s] -- Configured uncrustify additional arguments: 
[3.409s] -- Added test 'xmllint' to check XML markup files
[3.420s] -- Configuring done (2.9s)
[3.489s] -- Generating done (0.0s)
[3.509s] -- Build files have been written to: /home/neel/bumperbot_ws2/build/bumperbot_cpp_examples
[3.626s] [ 50%] Built target simple_publisher
[3.630s] [ 75%] [32mBuilding CXX object CMakeFiles/simple_subscriber.dir/src/simple_subscriber.cpp.o[0m
[8.218s] [01m[K/home/neel/bumperbot_ws2/src/bumperbot_cpp_examples/src/simple_subscriber.cpp:[m[K In function ‘[01m[Kint[01;32m[K main[m[K(int, char**)[m[K’:
[8.219s] [01m[K/home/neel/bumperbot_ws2/src/bumperbot_cpp_examples/src/simple_subscriber.cpp:33:13:[m[K [01;31m[Kerror: [m[Kexpected ‘[01m[K;[m[K’ before ‘[01m[K}[m[K’ token
[8.219s]    33 |     return 0
[8.219s]       |             [01;31m[K^[m[K
[8.219s]       |             [32m[K;[m[K
[8.219s]    34 | 
[8.219s]    35 | [32m[K}[m[K
[8.219s]       | [32m[K~[m[K            
[12.093s] gmake[2]: *** [CMakeFiles/simple_subscriber.dir/build.make:76: CMakeFiles/simple_subscriber.dir/src/simple_subscriber.cpp.o] Error 1
[12.096s] gmake[1]: *** [CMakeFiles/Makefile2:165: CMakeFiles/simple_subscriber.dir/all] Error 2
[12.096s] gmake: *** [Makefile:146: all] Error 2
[12.102s] Invoked command in '/home/neel/bumperbot_ws2/build/bumperbot_cpp_examples' returned '2': CMAKE_PREFIX_PATH=${CMAKE_PREFIX_PATH}:/opt/ros/jazzy DEBUGINFOD_URLS=https://debuginfod.ubuntu.com /usr/bin/cmake --build /home/neel/bumperbot_ws2/build/bumperbot_cpp_examples -- -j4 -l4
