[0.929s] Invoking command in '/home/neel/bumperbot_ws2/src/bumperbot_py_examples': DEBUGINFOD_URLS=https://debuginfod.ubuntu.com PYTHONPATH=/home/neel/bumperbot_ws2/build/bumperbot_py_examples/prefix_override:/usr/lib/python3/dist-packages/colcon_core/task/python/colcon_distutils_commands:/home/neel/bumperbot_ws2/install/bumperbot_py_examples/lib/python3.12/site-packages:${PYTHONPATH} /usr/bin/python3 -W ignore:setup.py install is deprecated -W ignore:easy_install command is deprecated setup.py egg_info --egg-base ../../build/bumperbot_py_examples build --build-base /home/neel/bumperbot_ws2/build/bumperbot_py_examples/build install --record /home/neel/bumperbot_ws2/build/bumperbot_py_examples/install.log --single-version-externally-managed install_data
[1.194s] running egg_info
[1.219s] writing ../../build/bumperbot_py_examples/bumperbot_py_examples.egg-info/PKG-INFO
[1.220s] writing dependency_links to ../../build/bumperbot_py_examples/bumperbot_py_examples.egg-info/dependency_links.txt
[1.221s] writing entry points to ../../build/bumperbot_py_examples/bumperbot_py_examples.egg-info/entry_points.txt
[1.221s] writing requirements to ../../build/bumperbot_py_examples/bumperbot_py_examples.egg-info/requires.txt
[1.221s] writing top-level names to ../../build/bumperbot_py_examples/bumperbot_py_examples.egg-info/top_level.txt
[1.262s] reading manifest file '../../build/bumperbot_py_examples/bumperbot_py_examples.egg-info/SOURCES.txt'
[1.264s] writing manifest file '../../build/bumperbot_py_examples/bumperbot_py_examples.egg-info/SOURCES.txt'
[1.264s] running build
[1.264s] running build_py
[1.264s] copying bumperbot_py_examples/simple_subscriber.py -> /home/neel/bumperbot_ws2/build/bumperbot_py_examples/build/lib/bumperbot_py_examples
[1.264s] running install
[1.270s] running install_lib
[1.291s] copying /home/neel/bumperbot_ws2/build/bumperbot_py_examples/build/lib/bumperbot_py_examples/simple_subscriber.py -> /home/neel/bumperbot_ws2/install/bumperbot_py_examples/lib/python3.12/site-packages/bumperbot_py_examples
[1.292s] byte-compiling /home/neel/bumperbot_ws2/install/bumperbot_py_examples/lib/python3.12/site-packages/bumperbot_py_examples/simple_subscriber.py to simple_subscriber.cpython-312.pyc
[1.293s] running install_data
[1.293s] running install_egg_info
[1.313s] removing '/home/neel/bumperbot_ws2/install/bumperbot_py_examples/lib/python3.12/site-packages/bumperbot_py_examples-0.0.0-py3.12.egg-info' (and everything under it)
[1.315s] Copying ../../build/bumperbot_py_examples/bumperbot_py_examples.egg-info to /home/neel/bumperbot_ws2/install/bumperbot_py_examples/lib/python3.12/site-packages/bumperbot_py_examples-0.0.0-py3.12.egg-info
[1.315s] running install_scripts
[1.442s] Installing simple_publisher script to /home/neel/bumperbot_ws2/install/bumperbot_py_examples/lib/bumperbot_py_examples
[1.442s] Installing simple_subscriber script to /home/neel/bumperbot_ws2/install/bumperbot_py_examples/lib/bumperbot_py_examples
[1.443s] writing list of installed files to '/home/neel/bumperbot_ws2/build/bumperbot_py_examples/install.log'
[1.488s] Invoked command in '/home/neel/bumperbot_ws2/src/bumperbot_py_examples' returned '0': DEBUGINFOD_URLS=https://debuginfod.ubuntu.com PYTHONPATH=/home/neel/bumperbot_ws2/build/bumperbot_py_examples/prefix_override:/usr/lib/python3/dist-packages/colcon_core/task/python/colcon_distutils_commands:/home/neel/bumperbot_ws2/install/bumperbot_py_examples/lib/python3.12/site-packages:${PYTHONPATH} /usr/bin/python3 -W ignore:setup.py install is deprecated -W ignore:easy_install command is deprecated setup.py egg_info --egg-base ../../build/bumperbot_py_examples build --build-base /home/neel/bumperbot_ws2/build/bumperbot_py_examples/build install --record /home/neel/bumperbot_ws2/build/bumperbot_py_examples/install.log --single-version-externally-managed install_data
